Using pre-set license
Built from '2020.3/staging' branch; Version is '2020.3.0f1 (c7b5465681fb) revision 13088070'; Using compiler version '192528614'; Build Type 'Release'
OS: 'Windows 10 Home; OS build 19042.867; Version 2009; 64bit' Language: 'es' Physical Memory: 16323 MB
BatchMode: 1, IsHumanControllingUs: 0, StartBugReporterOnCrash: 0, Is64bit: 1, IsPro: 0

 COMMAND LINE ARGUMENTS:
G:\Unity_Editors\2020.3.0f1\Editor\Unity.exe
-adb2
-batchMode
-noUpm
-name
AssetImportWorker0
-projectPath
G:/Unity_Projects/Curso_Unity_2020/Course_Unity_2020/05_Quick_Click
-logFile
Logs/AssetImportWorker0.log
-srvPort
50016
Successfully changed project path to: G:/Unity_Projects/Curso_Unity_2020/Course_Unity_2020/05_Quick_Click
G:/Unity_Projects/Curso_Unity_2020/Course_Unity_2020/05_Quick_Click
Using Asset Import Pipeline V2.
Refreshing native plugins compatible for Editor in 49.35 ms, found 0 plugins.
Preloading 0 native plugins for Editor in 0.00 ms.
Initialize engine version: 2020.3.0f1 (c7b5465681fb)
[Subsystems] Discovering subsystems at path G:/Unity_Editors/2020.3.0f1/Editor/Data/Resources/UnitySubsystems
[Subsystems] Discovering subsystems at path G:/Unity_Projects/Curso_Unity_2020/Course_Unity_2020/05_Quick_Click/Assets
GfxDevice: creating device client; threaded=0
Direct3D:
    Version:  Direct3D 11.0 [level 11.1]
    Renderer: NVIDIA GeForce GTX 1070 (ID=0x1be1)
    Vendor:   
    VRAM:     8081 MB
    Driver:   27.21.14.6172
Initialize mono
Mono path[0] = 'G:/Unity_Editors/2020.3.0f1/Editor/Data/Managed'
Mono path[1] = 'G:/Unity_Editors/2020.3.0f1/Editor/Data/MonoBleedingEdge/lib/mono/unityjit'
Mono config path = 'G:/Unity_Editors/2020.3.0f1/Editor/Data/MonoBleedingEdge/etc'
Using monoOptions --debugger-agent=transport=dt_socket,embedding=1,server=y,suspend=n,address=127.0.0.1:56620
Begin MonoManager ReloadAssembly
Registering precompiled unity dll's ...
Register platform support module: G:/Unity_Editors/2020.3.0f1/Editor/Data/PlaybackEngines/WindowsStandaloneSupport/UnityEditor.WindowsStandalone.Extensions.dll
Registered in 0.004131 seconds.
Native extension for WindowsStandalone target not found
Refreshing native plugins compatible for Editor in 37.35 ms, found 0 plugins.
Preloading 0 native plugins for Editor in 0.00 ms.
Invoked RoslynAnalysisRunner static constructor.
RoslynAnalysisRunner will not be running.
RoslynAnalysisRunner has terminated.
Mono: successfully reloaded assembly
- Completed reload, in  1.876 seconds
Platform modules already initialized, skipping
Registering precompiled user dll's ...
Registered in 0.006090 seconds.
Begin MonoManager ReloadAssembly
Native extension for WindowsStandalone target not found
Refreshing native plugins compatible for Editor in 0.41 ms, found 0 plugins.
Preloading 0 native plugins for Editor in 0.00 ms.
Invoked RoslynAnalysisRunner static constructor.
RoslynAnalysisRunner will not be running.
RoslynAnalysisRunner has terminated.
Mono: successfully reloaded assembly
- Completed reload, in  1.710 seconds
Platform modules already initialized, skipping
========================================================================
Worker process is ready to serve import requests
Launched and connected shader compiler UnityShaderCompiler.exe after 0.06 seconds
Refreshing native plugins compatible for Editor in 0.29 ms, found 0 plugins.
Preloading 0 native plugins for Editor in 0.00 ms.
Unloading 1125 Unused Serialized files (Serialized files now loaded: 0)
System memory in use before: 57.4 MB.
System memory in use after: 57.5 MB.

Unloading 14 unused Assets to reduce memory usage. Loaded Objects now: 1564.
Total: 2.370600 ms (FindLiveObjects: 0.152500 ms CreateObjectMapping: 0.074800 ms MarkObjects: 2.036800 ms  DeleteObjects: 0.104900 ms)

========================================================================
Received Import Request.
  path: Assets/_Scripts/GameManager.cs
  artifactKey: Guid(5b22be2244e403b489cd92a0eff8d082) Importer(815301076,1909f56bfc062723c751e8b465ee728b)
Start importing Assets/_Scripts/GameManager.cs using Guid(5b22be2244e403b489cd92a0eff8d082) Importer(815301076,1909f56bfc062723c751e8b465ee728b)  -> (artifact id: '0e1c232afe1dfd4d0fb911711337c51e') in 0.040415 seconds
  Import took 0.042795 seconds .

========================================================================
Received Import Request.
  Time since last request: 167.506029 seconds.
  path: Assets/_Scripts/GameManager.cs
  artifactKey: Guid(5b22be2244e403b489cd92a0eff8d082) Importer(815301076,1909f56bfc062723c751e8b465ee728b)
Start importing Assets/_Scripts/GameManager.cs using Guid(5b22be2244e403b489cd92a0eff8d082) Importer(815301076,1909f56bfc062723c751e8b465ee728b)  -> (artifact id: '2be7dfbf7b74d807719e7aaa6cd82bfe') in 0.012746 seconds
  Import took 0.015255 seconds .

========================================================================
Received Prepare
Registering precompiled user dll's ...
Registered in 0.003910 seconds.
Begin MonoManager ReloadAssembly
Native extension for WindowsStandalone target not found
Refreshing native plugins compatible for Editor in 0.26 ms, found 0 plugins.
Preloading 0 native plugins for Editor in 0.00 ms.
Invoked RoslynAnalysisRunner static constructor.
RoslynAnalysisRunner will not be running.
RoslynAnalysisRunner has terminated.
Mono: successfully reloaded assembly
- Completed reload, in  0.980 seconds
Platform modules already initialized, skipping
Refreshing native plugins compatible for Editor in 0.25 ms, found 0 plugins.
Preloading 0 native plugins for Editor in 0.00 ms.
Unloading 1118 Unused Serialized files (Serialized files now loaded: 0)
System memory in use before: 57.3 MB.
System memory in use after: 57.4 MB.

Unloading 10 unused Assets to reduce memory usage. Loaded Objects now: 1567.
Total: 1.717000 ms (FindLiveObjects: 0.246700 ms CreateObjectMapping: 0.102700 ms MarkObjects: 1.318300 ms  DeleteObjects: 0.048400 ms)

========================================================================
Received Prepare
Registering precompiled user dll's ...
Registered in 0.004779 seconds.
Begin MonoManager ReloadAssembly
Native extension for WindowsStandalone target not found
Refreshing native plugins compatible for Editor in 0.24 ms, found 0 plugins.
Preloading 0 native plugins for Editor in 0.00 ms.
Invoked RoslynAnalysisRunner static constructor.
RoslynAnalysisRunner will not be running.
RoslynAnalysisRunner has terminated.
Mono: successfully reloaded assembly
- Completed reload, in  0.895 seconds
Platform modules already initialized, skipping
Refreshing native plugins compatible for Editor in 0.24 ms, found 0 plugins.
Preloading 0 native plugins for Editor in 0.00 ms.
Unloading 1118 Unused Serialized files (Serialized files now loaded: 0)
System memory in use before: 57.3 MB.
System memory in use after: 57.4 MB.

Unloading 10 unused Assets to reduce memory usage. Loaded Objects now: 1570.
Total: 1.776200 ms (FindLiveObjects: 0.132200 ms CreateObjectMapping: 0.032200 ms MarkObjects: 1.566500 ms  DeleteObjects: 0.044300 ms)

========================================================================
Received Prepare
Registering precompiled user dll's ...
Registered in 0.004020 seconds.
Begin MonoManager ReloadAssembly
Native extension for WindowsStandalone target not found
Refreshing native plugins compatible for Editor in 0.24 ms, found 0 plugins.
Preloading 0 native plugins for Editor in 0.00 ms.
Invoked RoslynAnalysisRunner static constructor.
RoslynAnalysisRunner will not be running.
RoslynAnalysisRunner has terminated.
Mono: successfully reloaded assembly
- Completed reload, in  0.824 seconds
Platform modules already initialized, skipping
Refreshing native plugins compatible for Editor in 0.25 ms, found 0 plugins.
Preloading 0 native plugins for Editor in 0.00 ms.
Unloading 1118 Unused Serialized files (Serialized files now loaded: 0)
System memory in use before: 57.3 MB.
System memory in use after: 57.4 MB.

Unloading 10 unused Assets to reduce memory usage. Loaded Objects now: 1573.
Total: 1.770700 ms (FindLiveObjects: 0.167600 ms CreateObjectMapping: 0.043600 ms MarkObjects: 1.483500 ms  DeleteObjects: 0.074400 ms)

========================================================================
Received Prepare
Registering precompiled user dll's ...
Registered in 0.003381 seconds.
Begin MonoManager ReloadAssembly
Native extension for WindowsStandalone target not found
Refreshing native plugins compatible for Editor in 0.23 ms, found 0 plugins.
Preloading 0 native plugins for Editor in 0.00 ms.
Invoked RoslynAnalysisRunner static constructor.
RoslynAnalysisRunner will not be running.
RoslynAnalysisRunner has terminated.
Mono: successfully reloaded assembly
- Completed reload, in  0.852 seconds
Platform modules already initialized, skipping
Refreshing native plugins compatible for Editor in 0.28 ms, found 0 plugins.
Preloading 0 native plugins for Editor in 0.00 ms.
Unloading 1118 Unused Serialized files (Serialized files now loaded: 0)
System memory in use before: 57.4 MB.
System memory in use after: 57.4 MB.

Unloading 10 unused Assets to reduce memory usage. Loaded Objects now: 1576.
Total: 1.834600 ms (FindLiveObjects: 0.137800 ms CreateObjectMapping: 0.031200 ms MarkObjects: 1.591700 ms  DeleteObjects: 0.073000 ms)

========================================================================
Received Prepare
Registering precompiled user dll's ...
Registered in 0.003755 seconds.
Begin MonoManager ReloadAssembly
Native extension for WindowsStandalone target not found
Refreshing native plugins compatible for Editor in 0.24 ms, found 0 plugins.
Preloading 0 native plugins for Editor in 0.00 ms.
Invoked RoslynAnalysisRunner static constructor.
RoslynAnalysisRunner will not be running.
RoslynAnalysisRunner has terminated.
Mono: successfully reloaded assembly
- Completed reload, in  0.935 seconds
Platform modules already initialized, skipping
Refreshing native plugins compatible for Editor in 0.27 ms, found 0 plugins.
Preloading 0 native plugins for Editor in 0.00 ms.
Unloading 1118 Unused Serialized files (Serialized files now loaded: 0)
System memory in use before: 57.4 MB.
System memory in use after: 57.4 MB.

Unloading 10 unused Assets to reduce memory usage. Loaded Objects now: 1579.
Total: 1.678200 ms (FindLiveObjects: 0.183300 ms CreateObjectMapping: 0.043700 ms MarkObjects: 1.404200 ms  DeleteObjects: 0.045600 ms)

========================================================================
Received Import Request.
  Time since last request: 208.961624 seconds.
  path: Assets/Prefabs/Bad_01.prefab
  artifactKey: Guid(38651f4ff7d11cf4b9cea6f01cf668d8) Importer(815301076,1909f56bfc062723c751e8b465ee728b)
Start importing Assets/Prefabs/Bad_01.prefab using Guid(38651f4ff7d11cf4b9cea6f01cf668d8) Importer(815301076,1909f56bfc062723c751e8b465ee728b)  -> (artifact id: 'fdffec71c4c7f452844f23b182234685') in 0.165529 seconds
  Import took 0.167745 seconds .

========================================================================
Received Import Request.
  Time since last request: 0.000184 seconds.
  path: Assets/Prefabs/Good_03.prefab
  artifactKey: Guid(4e5dd1e5c9e5b3144969ce582973c92d) Importer(815301076,1909f56bfc062723c751e8b465ee728b)
Start importing Assets/Prefabs/Good_03.prefab using Guid(4e5dd1e5c9e5b3144969ce582973c92d) Importer(815301076,1909f56bfc062723c751e8b465ee728b)  -> (artifact id: '7ad8b6f89ef6ea08bbe2213e18ef02c1') in 0.050975 seconds
  Import took 0.053451 seconds .

========================================================================
Received Import Request.
  Time since last request: 0.000211 seconds.
  path: Assets/Prefabs/Good_01.prefab
  artifactKey: Guid(de95a488e71bb4949a8344d10dd93445) Importer(815301076,1909f56bfc062723c751e8b465ee728b)
Start importing Assets/Prefabs/Good_01.prefab using Guid(de95a488e71bb4949a8344d10dd93445) Importer(815301076,1909f56bfc062723c751e8b465ee728b)  -> (artifact id: '17bc49d4ea09ff22ad7193b19cb6e9be') in 0.029592 seconds
  Import took 0.031756 seconds .

========================================================================
Received Import Request.
  Time since last request: 0.000202 seconds.
  path: Assets/Prefabs/Good_06.prefab
  artifactKey: Guid(cbadb9fbb93fcd2429169353448f3b4d) Importer(815301076,1909f56bfc062723c751e8b465ee728b)
Start importing Assets/Prefabs/Good_06.prefab using Guid(cbadb9fbb93fcd2429169353448f3b4d) Importer(815301076,1909f56bfc062723c751e8b465ee728b)  -> (artifact id: '28c480ffbb8fd62783826225df277eb1') in 0.024397 seconds
  Import took 0.026402 seconds .

========================================================================
Received Import Request.
  Time since last request: 0.000233 seconds.
  path: Assets/Prefabs/Good_02.prefab
  artifactKey: Guid(c436193235b519a409f600d5f23a42c0) Importer(815301076,1909f56bfc062723c751e8b465ee728b)
Start importing Assets/Prefabs/Good_02.prefab using Guid(c436193235b519a409f600d5f23a42c0) Importer(815301076,1909f56bfc062723c751e8b465ee728b)  -> (artifact id: '3e60383c3efbcf4f250df3e67b5a17ae') in 0.024804 seconds
  Import took 0.026878 seconds .

========================================================================
Received Import Request.
  Time since last request: 0.000188 seconds.
  path: Assets/Prefabs/Good_04.prefab
  artifactKey: Guid(f1ef5c2646035b449b50513d4b7a4e73) Importer(815301076,1909f56bfc062723c751e8b465ee728b)
Start importing Assets/Prefabs/Good_04.prefab using Guid(f1ef5c2646035b449b50513d4b7a4e73) Importer(815301076,1909f56bfc062723c751e8b465ee728b)  -> (artifact id: 'ea8aa2a98297a232ea0fc41529f809fc') in 0.030668 seconds
  Import took 0.032849 seconds .

========================================================================
Received Import Request.
  Time since last request: 0.000181 seconds.
  path: Assets/Prefabs/Good_02.prefab
  artifactKey: Guid(c436193235b519a409f600d5f23a42c0) Importer(815301076,1909f56bfc062723c751e8b465ee728b)
Start importing Assets/Prefabs/Good_02.prefab using Guid(c436193235b519a409f600d5f23a42c0) Importer(815301076,1909f56bfc062723c751e8b465ee728b)  -> (artifact id: '3e60383c3efbcf4f250df3e67b5a17ae') in 0.023900 seconds
  Import took 0.025954 seconds .

========================================================================
Received Import Request.
  Time since last request: 0.000194 seconds.
  path: Assets/Prefabs/Good_05.prefab
  artifactKey: Guid(3b275e82fa36dab43857ea8d58eb295b) Importer(815301076,1909f56bfc062723c751e8b465ee728b)
Start importing Assets/Prefabs/Good_05.prefab using Guid(3b275e82fa36dab43857ea8d58eb295b) Importer(815301076,1909f56bfc062723c751e8b465ee728b)  -> (artifact id: '1705a34b2f9e6a4dd7b83c19cebdf89d') in 0.026116 seconds
  Import took 0.028079 seconds .

========================================================================
Received Import Request.
  Time since last request: 471.577101 seconds.
  path: ProjectSettings/TagManager.asset
  artifactKey: Guid(00000000000000003000000000000000) Importer(815301076,1909f56bfc062723c751e8b465ee728b)
Start importing ProjectSettings/TagManager.asset using Guid(00000000000000003000000000000000) Importer(815301076,1909f56bfc062723c751e8b465ee728b)  -> (artifact id: 'eeafaac04e8123fca2fb6fe1380bae8f') in 0.017434 seconds
  Import took 0.019898 seconds .

========================================================================
Received Import Request.
  Time since last request: 45.592490 seconds.
  path: Assets/Prefabs/Bad_01.prefab
  artifactKey: Guid(38651f4ff7d11cf4b9cea6f01cf668d8) Importer(815301076,1909f56bfc062723c751e8b465ee728b)
Start importing Assets/Prefabs/Bad_01.prefab using Guid(38651f4ff7d11cf4b9cea6f01cf668d8) Importer(815301076,1909f56bfc062723c751e8b465ee728b)  -> (artifact id: 'ecd6eccb8b1d66f4c3f20fc9bba73e42') in 0.036493 seconds
  Import took 0.039364 seconds .

========================================================================
Received Import Request.
  Time since last request: 0.000307 seconds.
  path: Assets/Prefabs/Good_03.prefab
  artifactKey: Guid(4e5dd1e5c9e5b3144969ce582973c92d) Importer(815301076,1909f56bfc062723c751e8b465ee728b)
Start importing Assets/Prefabs/Good_03.prefab using Guid(4e5dd1e5c9e5b3144969ce582973c92d) Importer(815301076,1909f56bfc062723c751e8b465ee728b)  -> (artifact id: 'd3f088699f97a881d4d6db5c829a9e11') in 0.028393 seconds
  Import took 0.030692 seconds .

========================================================================
Received Import Request.
  Time since last request: 0.000253 seconds.
  path: Assets/Prefabs/Good_01.prefab
  artifactKey: Guid(de95a488e71bb4949a8344d10dd93445) Importer(815301076,1909f56bfc062723c751e8b465ee728b)
Start importing Assets/Prefabs/Good_01.prefab using Guid(de95a488e71bb4949a8344d10dd93445) Importer(815301076,1909f56bfc062723c751e8b465ee728b)  -> (artifact id: '30beed7a72f42df7dca21f4bcb8e5b21') in 0.027897 seconds
  Import took 0.029940 seconds .

========================================================================
Received Import Request.
  Time since last request: 0.000283 seconds.
  path: Assets/Prefabs/Good_06.prefab
  artifactKey: Guid(cbadb9fbb93fcd2429169353448f3b4d) Importer(815301076,1909f56bfc062723c751e8b465ee728b)
Start importing Assets/Prefabs/Good_06.prefab using Guid(cbadb9fbb93fcd2429169353448f3b4d) Importer(815301076,1909f56bfc062723c751e8b465ee728b)  -> (artifact id: '8b2ddbc02679b429981f03fd2c2e7453') in 0.027605 seconds
  Import took 0.029878 seconds .

========================================================================
Received Import Request.
  Time since last request: 0.000357 seconds.
  path: Assets/Prefabs/Good_02.prefab
  artifactKey: Guid(c436193235b519a409f600d5f23a42c0) Importer(815301076,1909f56bfc062723c751e8b465ee728b)
Start importing Assets/Prefabs/Good_02.prefab using Guid(c436193235b519a409f600d5f23a42c0) Importer(815301076,1909f56bfc062723c751e8b465ee728b)  -> (artifact id: '0a6b7af461ecf357fce79e2845b5a04b') in 0.027553 seconds
  Import took 0.030093 seconds .

========================================================================
Received Import Request.
  Time since last request: 0.000250 seconds.
  path: Assets/Prefabs/Good_04.prefab
  artifactKey: Guid(f1ef5c2646035b449b50513d4b7a4e73) Importer(815301076,1909f56bfc062723c751e8b465ee728b)
Start importing Assets/Prefabs/Good_04.prefab using Guid(f1ef5c2646035b449b50513d4b7a4e73) Importer(815301076,1909f56bfc062723c751e8b465ee728b)  -> (artifact id: 'affe58df120e5acd63f3200c01ffab83') in 0.028565 seconds
  Import took 0.031728 seconds .

========================================================================
Received Import Request.
  Time since last request: 0.000271 seconds.
  path: Assets/Prefabs/Good_05.prefab
  artifactKey: Guid(3b275e82fa36dab43857ea8d58eb295b) Importer(815301076,1909f56bfc062723c751e8b465ee728b)
Start importing Assets/Prefabs/Good_05.prefab using Guid(3b275e82fa36dab43857ea8d58eb295b) Importer(815301076,1909f56bfc062723c751e8b465ee728b)  -> (artifact id: 'c035e6f66dfe2a80642d5c17bd22defc') in 0.028441 seconds
  Import took 0.030826 seconds .

========================================================================
Received Prepare
Registering precompiled user dll's ...
Registered in 0.003972 seconds.
Begin MonoManager ReloadAssembly
Native extension for WindowsStandalone target not found
Refreshing native plugins compatible for Editor in 0.44 ms, found 0 plugins.
Preloading 0 native plugins for Editor in 0.00 ms.
Invoked RoslynAnalysisRunner static constructor.
RoslynAnalysisRunner will not be running.
RoslynAnalysisRunner has terminated.
Mono: successfully reloaded assembly
- Completed reload, in  0.920 seconds
Platform modules already initialized, skipping
Refreshing native plugins compatible for Editor in 0.30 ms, found 0 plugins.
Preloading 0 native plugins for Editor in 0.00 ms.
Unloading 1118 Unused Serialized files (Serialized files now loaded: 0)
System memory in use before: 60.5 MB.
System memory in use after: 60.6 MB.

Unloading 11 unused Assets to reduce memory usage. Loaded Objects now: 1589.
Total: 2.205700 ms (FindLiveObjects: 0.190200 ms CreateObjectMapping: 0.079600 ms MarkObjects: 1.842500 ms  DeleteObjects: 0.091900 ms)

========================================================================
Received Prepare
Registering precompiled user dll's ...
Registered in 0.004401 seconds.
Begin MonoManager ReloadAssembly
Native extension for WindowsStandalone target not found
Refreshing native plugins compatible for Editor in 0.75 ms, found 0 plugins.
Preloading 0 native plugins for Editor in 0.00 ms.
Invoked RoslynAnalysisRunner static constructor.
RoslynAnalysisRunner will not be running.
RoslynAnalysisRunner has terminated.
Mono: successfully reloaded assembly
- Completed reload, in  0.930 seconds
Platform modules already initialized, skipping
Refreshing native plugins compatible for Editor in 0.39 ms, found 0 plugins.
Preloading 0 native plugins for Editor in 0.00 ms.
Unloading 1118 Unused Serialized files (Serialized files now loaded: 0)
System memory in use before: 60.5 MB.
System memory in use after: 60.6 MB.

Unloading 10 unused Assets to reduce memory usage. Loaded Objects now: 1592.
Total: 1.922600 ms (FindLiveObjects: 0.257200 ms CreateObjectMapping: 0.131600 ms MarkObjects: 1.486800 ms  DeleteObjects: 0.044900 ms)

========================================================================
Received Prepare
Registering precompiled user dll's ...
Registered in 0.003872 seconds.
Begin MonoManager ReloadAssembly
Native extension for WindowsStandalone target not found
Refreshing native plugins compatible for Editor in 0.41 ms, found 0 plugins.
Preloading 0 native plugins for Editor in 0.00 ms.
Invoked RoslynAnalysisRunner static constructor.
RoslynAnalysisRunner will not be running.
RoslynAnalysisRunner has terminated.
Mono: successfully reloaded assembly
- Completed reload, in  0.935 seconds
Platform modules already initialized, skipping
Refreshing native plugins compatible for Editor in 0.25 ms, found 0 plugins.
Preloading 0 native plugins for Editor in 0.00 ms.
Unloading 1118 Unused Serialized files (Serialized files now loaded: 0)
System memory in use before: 60.5 MB.
System memory in use after: 60.6 MB.

Unloading 10 unused Assets to reduce memory usage. Loaded Objects now: 1595.
Total: 1.594200 ms (FindLiveObjects: 0.129500 ms CreateObjectMapping: 0.036100 ms MarkObjects: 1.379600 ms  DeleteObjects: 0.047800 ms)

========================================================================
Received Prepare
Registering precompiled user dll's ...
Registered in 0.003688 seconds.
Begin MonoManager ReloadAssembly
Native extension for WindowsStandalone target not found
Refreshing native plugins compatible for Editor in 0.34 ms, found 0 plugins.
Preloading 0 native plugins for Editor in 0.00 ms.
Invoked RoslynAnalysisRunner static constructor.
RoslynAnalysisRunner will not be running.
RoslynAnalysisRunner has terminated.
Mono: successfully reloaded assembly
- Completed reload, in  0.939 seconds
Platform modules already initialized, skipping
Refreshing native plugins compatible for Editor in 0.28 ms, found 0 plugins.
Preloading 0 native plugins for Editor in 0.00 ms.
Unloading 1118 Unused Serialized files (Serialized files now loaded: 0)
System memory in use before: 60.5 MB.
System memory in use after: 60.6 MB.

Unloading 10 unused Assets to reduce memory usage. Loaded Objects now: 1598.
Total: 1.986900 ms (FindLiveObjects: 0.327700 ms CreateObjectMapping: 0.090400 ms MarkObjects: 1.465100 ms  DeleteObjects: 0.102300 ms)

========================================================================
Received Import Request.
  Time since last request: 789.754771 seconds.
  path: Assets/Prefabs/Good_03.prefab
  artifactKey: Guid(4e5dd1e5c9e5b3144969ce582973c92d) Importer(815301076,1909f56bfc062723c751e8b465ee728b)
Start importing Assets/Prefabs/Good_03.prefab using Guid(4e5dd1e5c9e5b3144969ce582973c92d) Importer(815301076,1909f56bfc062723c751e8b465ee728b)  -> (artifact id: '7eee2c4ce71226a0252963c0f3fae231') in 0.072168 seconds
  Import took 0.074522 seconds .

========================================================================
Received Import Request.
  Time since last request: 0.000284 seconds.
  path: Assets/Prefabs/Good_01.prefab
  artifactKey: Guid(de95a488e71bb4949a8344d10dd93445) Importer(815301076,1909f56bfc062723c751e8b465ee728b)
Start importing Assets/Prefabs/Good_01.prefab using Guid(de95a488e71bb4949a8344d10dd93445) Importer(815301076,1909f56bfc062723c751e8b465ee728b)  -> (artifact id: 'a571abe037acf9d3a0c3e7690c0016f4') in 0.027825 seconds
  Import took 0.029799 seconds .

========================================================================
Received Import Request.
  Time since last request: 0.000257 seconds.
  path: Assets/Prefabs/Good_06.prefab
  artifactKey: Guid(cbadb9fbb93fcd2429169353448f3b4d) Importer(815301076,1909f56bfc062723c751e8b465ee728b)
Start importing Assets/Prefabs/Good_06.prefab using Guid(cbadb9fbb93fcd2429169353448f3b4d) Importer(815301076,1909f56bfc062723c751e8b465ee728b)  -> (artifact id: 'ac1eee0c81cb176afed4f2dda1063261') in 0.025835 seconds
  Import took 0.028138 seconds .

========================================================================
Received Import Request.
  Time since last request: 0.000304 seconds.
  path: Assets/Prefabs/Good_02.prefab
  artifactKey: Guid(c436193235b519a409f600d5f23a42c0) Importer(815301076,1909f56bfc062723c751e8b465ee728b)
Start importing Assets/Prefabs/Good_02.prefab using Guid(c436193235b519a409f600d5f23a42c0) Importer(815301076,1909f56bfc062723c751e8b465ee728b)  -> (artifact id: '0f684e8de019c7cb378dc04591421338') in 0.028584 seconds
  Import took 0.030707 seconds .

========================================================================
Received Import Request.
  Time since last request: 0.000373 seconds.
  path: Assets/Prefabs/Good_04.prefab
  artifactKey: Guid(f1ef5c2646035b449b50513d4b7a4e73) Importer(815301076,1909f56bfc062723c751e8b465ee728b)
Start importing Assets/Prefabs/Good_04.prefab using Guid(f1ef5c2646035b449b50513d4b7a4e73) Importer(815301076,1909f56bfc062723c751e8b465ee728b)  -> (artifact id: 'e8fefc3bf1c8827f7b20d1a3dda6cfd2') in 0.027655 seconds
  Import took 0.030040 seconds .

========================================================================
Received Import Request.
  Time since last request: 0.000303 seconds.
  path: Assets/Prefabs/Good_05.prefab
  artifactKey: Guid(3b275e82fa36dab43857ea8d58eb295b) Importer(815301076,1909f56bfc062723c751e8b465ee728b)
Start importing Assets/Prefabs/Good_05.prefab using Guid(3b275e82fa36dab43857ea8d58eb295b) Importer(815301076,1909f56bfc062723c751e8b465ee728b)  -> (artifact id: '8e4455ef9aab3bbfd4819d442f6e441e') in 0.025611 seconds
  Import took 0.027835 seconds .

========================================================================
Received Import Request.
  Time since last request: 0.000304 seconds.
  path: Assets/Prefabs/Bad_01.prefab
  artifactKey: Guid(38651f4ff7d11cf4b9cea6f01cf668d8) Importer(815301076,1909f56bfc062723c751e8b465ee728b)
Start importing Assets/Prefabs/Bad_01.prefab using Guid(38651f4ff7d11cf4b9cea6f01cf668d8) Importer(815301076,1909f56bfc062723c751e8b465ee728b)  -> (artifact id: '46d21bb98b4ef19407fae217894764e1') in 0.041325 seconds
  Import took 0.044350 seconds .

========================================================================
Received Prepare
Registering precompiled user dll's ...
Registered in 0.003545 seconds.
Begin MonoManager ReloadAssembly
Native extension for WindowsStandalone target not found
Refreshing native plugins compatible for Editor in 0.24 ms, found 0 plugins.
Preloading 0 native plugins for Editor in 0.00 ms.
Invoked RoslynAnalysisRunner static constructor.
RoslynAnalysisRunner will not be running.
RoslynAnalysisRunner has terminated.
Mono: successfully reloaded assembly
- Completed reload, in  0.968 seconds
Platform modules already initialized, skipping
Refreshing native plugins compatible for Editor in 0.28 ms, found 0 plugins.
Preloading 0 native plugins for Editor in 0.00 ms.
Unloading 1118 Unused Serialized files (Serialized files now loaded: 0)
System memory in use before: 60.6 MB.
System memory in use after: 60.6 MB.

Unloading 10 unused Assets to reduce memory usage. Loaded Objects now: 1602.
Total: 1.807700 ms (FindLiveObjects: 0.192900 ms CreateObjectMapping: 0.053900 ms MarkObjects: 1.485200 ms  DeleteObjects: 0.074700 ms)

========================================================================
Received Prepare
Registering precompiled user dll's ...
Registered in 0.003551 seconds.
Begin MonoManager ReloadAssembly
Native extension for WindowsStandalone target not found
Refreshing native plugins compatible for Editor in 0.23 ms, found 0 plugins.
Preloading 0 native plugins for Editor in 0.00 ms.
Invoked RoslynAnalysisRunner static constructor.
RoslynAnalysisRunner will not be running.
RoslynAnalysisRunner has terminated.
Mono: successfully reloaded assembly
- Completed reload, in  0.884 seconds
Platform modules already initialized, skipping
Refreshing native plugins compatible for Editor in 0.25 ms, found 0 plugins.
Preloading 0 native plugins for Editor in 0.00 ms.
Unloading 1118 Unused Serialized files (Serialized files now loaded: 0)
System memory in use before: 60.6 MB.
System memory in use after: 60.6 MB.

Unloading 10 unused Assets to reduce memory usage. Loaded Objects now: 1605.
Total: 1.649300 ms (FindLiveObjects: 0.199000 ms CreateObjectMapping: 0.062300 ms MarkObjects: 1.338700 ms  DeleteObjects: 0.048300 ms)

========================================================================
Received Prepare
Registering precompiled user dll's ...
Registered in 0.005738 seconds.
Begin MonoManager ReloadAssembly
Native extension for WindowsStandalone target not found
Refreshing native plugins compatible for Editor in 0.24 ms, found 0 plugins.
Preloading 0 native plugins for Editor in 0.00 ms.
Invoked RoslynAnalysisRunner static constructor.
RoslynAnalysisRunner will not be running.
RoslynAnalysisRunner has terminated.
Mono: successfully reloaded assembly
- Completed reload, in  0.992 seconds
Platform modules already initialized, skipping
Refreshing native plugins compatible for Editor in 0.59 ms, found 0 plugins.
Preloading 0 native plugins for Editor in 0.00 ms.
Unloading 1118 Unused Serialized files (Serialized files now loaded: 0)
System memory in use before: 60.6 MB.
System memory in use after: 60.6 MB.

Unloading 10 unused Assets to reduce memory usage. Loaded Objects now: 1608.
Total: 2.196800 ms (FindLiveObjects: 0.134700 ms CreateObjectMapping: 0.036600 ms MarkObjects: 1.923200 ms  DeleteObjects: 0.100500 ms)

AssetImportWorkerClient::OnTransportError - code=2 error=End of file
