Using pre-set license
Built from '2020.3/staging' branch; Version is '2020.3.11f1 (99c7afb366b3) revision 10078127'; Using compiler version '192528614'; Build Type 'Release'
OS: 'Windows 10 Home; OS build 19042.1052; Version 2009; 64bit' Language: 'es' Physical Memory: 16323 MB
BatchMode: 1, IsHumanControllingUs: 0, StartBugReporterOnCrash: 0, Is64bit: 1, IsPro: 0

 COMMAND LINE ARGUMENTS:
G:\Unity_Editors\2020.3.11f1\Editor\Unity.exe
-adb2
-batchMode
-noUpm
-name
AssetImportWorker0
-projectPath
G:/Unity_Projects/Curso_Unity_2020/Course_Unity_2020/01Cars_Curso_Unity_2020
-logFile
Logs/AssetImportWorker0.log
-srvPort
50519
Successfully changed project path to: G:/Unity_Projects/Curso_Unity_2020/Course_Unity_2020/01Cars_Curso_Unity_2020
G:/Unity_Projects/Curso_Unity_2020/Course_Unity_2020/01Cars_Curso_Unity_2020
Using Asset Import Pipeline V2.
Refreshing native plugins compatible for Editor in 80.03 ms, found 2 plugins.
Preloading 0 native plugins for Editor in 0.00 ms.
Initialize engine version: 2020.3.11f1 (99c7afb366b3)
[Subsystems] Discovering subsystems at path G:/Unity_Editors/2020.3.11f1/Editor/Data/Resources/UnitySubsystems
[Subsystems] Discovering subsystems at path G:/Unity_Projects/Curso_Unity_2020/Course_Unity_2020/01Cars_Curso_Unity_2020/Assets
GfxDevice: creating device client; threaded=0
Direct3D:
    Version:  Direct3D 11.0 [level 11.1]
    Renderer: NVIDIA GeForce GTX 1070 (ID=0x1be1)
    Vendor:   
    VRAM:     8081 MB
    Driver:   27.21.14.6627
Initialize mono
Mono path[0] = 'G:/Unity_Editors/2020.3.11f1/Editor/Data/Managed'
Mono path[1] = 'G:/Unity_Editors/2020.3.11f1/Editor/Data/MonoBleedingEdge/lib/mono/unityjit'
Mono config path = 'G:/Unity_Editors/2020.3.11f1/Editor/Data/MonoBleedingEdge/etc'
Using monoOptions --debugger-agent=transport=dt_socket,embedding=1,server=y,suspend=n,address=127.0.0.1:56568
Begin MonoManager ReloadAssembly
Registering precompiled unity dll's ...
Register platform support module: G:/Unity_Editors/2020.3.11f1/Editor/Data/PlaybackEngines/WindowsStandaloneSupport/UnityEditor.WindowsStandalone.Extensions.dll
Registered in 0.002632 seconds.
Native extension for WindowsStandalone target not found
Refreshing native plugins compatible for Editor in 56.31 ms, found 2 plugins.
Preloading 0 native plugins for Editor in 0.00 ms.
Mono: successfully reloaded assembly
- Completed reload, in  1.635 seconds
Platform modules already initialized, skipping
Registering precompiled user dll's ...
Registered in 0.007451 seconds.
Begin MonoManager ReloadAssembly
Native extension for WindowsStandalone target not found
Refreshing native plugins compatible for Editor in 0.59 ms, found 2 plugins.
Preloading 0 native plugins for Editor in 0.00 ms.
Mono: successfully reloaded assembly
- Completed reload, in  1.472 seconds
Platform modules already initialized, skipping
========================================================================
Worker process is ready to serve import requests
Launched and connected shader compiler UnityShaderCompiler.exe after 0.06 seconds
Refreshing native plugins compatible for Editor in 0.63 ms, found 2 plugins.
Preloading 0 native plugins for Editor in 0.00 ms.
Unloading 1815 Unused Serialized files (Serialized files now loaded: 0)
System memory in use before: 77.2 MB.
System memory in use after: 77.3 MB.

Unloading 53 unused Assets to reduce memory usage. Loaded Objects now: 2217.
Total: 6.149700 ms (FindLiveObjects: 0.215900 ms CreateObjectMapping: 0.082700 ms MarkObjects: 5.729200 ms  DeleteObjects: 0.120600 ms)

========================================================================
Received Import Request.
  path: Assets/Scenes/Prototype 1/ReflectionProbe-0.exr
  artifactKey: Guid(8ed0852a75d447f4688179858b66e26e) Importer(815301076,1909f56bfc062723c751e8b465ee728b)
Start importing Assets/Scenes/Prototype 1/ReflectionProbe-0.exr using Guid(8ed0852a75d447f4688179858b66e26e) Importer(815301076,1909f56bfc062723c751e8b465ee728b)  -> (artifact id: 'e82bae61c0bb1c9a1189e45ce9be8f37') in 0.148927 seconds
  Import took 0.152025 seconds .

========================================================================
Received Import Request.
  Time since last request: 0.000274 seconds.
  path: Assets/Scenes/Prototype 1/LightingData.asset
  artifactKey: Guid(53b82edfafdcb0740807db366dd6487a) Importer(815301076,1909f56bfc062723c751e8b465ee728b)
Start importing Assets/Scenes/Prototype 1/LightingData.asset using Guid(53b82edfafdcb0740807db366dd6487a) Importer(815301076,1909f56bfc062723c751e8b465ee728b)  -> (artifact id: '5f95e7d1cfb3eb92ddb06c682febeab2') in 0.017175 seconds
  Import took 0.021703 seconds .

========================================================================
Received Prepare
Registering precompiled user dll's ...
Registered in 0.010090 seconds.
Begin MonoManager ReloadAssembly
Native extension for WindowsStandalone target not found
Refreshing native plugins compatible for Editor in 0.88 ms, found 2 plugins.
Preloading 0 native plugins for Editor in 0.00 ms.
Mono: successfully reloaded assembly
- Completed reload, in  1.513 seconds
Platform modules already initialized, skipping
Refreshing native plugins compatible for Editor in 0.90 ms, found 2 plugins.
Preloading 0 native plugins for Editor in 0.00 ms.
Unloading 1809 Unused Serialized files (Serialized files now loaded: 0)
System memory in use before: 80.5 MB.
System memory in use after: 80.6 MB.

Unloading 49 unused Assets to reduce memory usage. Loaded Objects now: 2252.
Total: 6.404200 ms (FindLiveObjects: 0.168100 ms CreateObjectMapping: 0.063200 ms MarkObjects: 6.128400 ms  DeleteObjects: 0.043100 ms)

AssetImportWorkerClient::OnTransportError - code=2 error=End of file
