Using pre-set license
Built from '2020.2/release' branch; Version is '2020.2.2f1 (068178b99f32) revision 426360'; Using compiler version '192528614'; Build Type 'Release'
OS: 'Windows 10 Pro; OS build 18363.1316; Version 1909; 64bit' Language: 'es' Physical Memory: 16321 MB
BatchMode: 1, IsHumanControllingUs: 0, StartBugReporterOnCrash: 0, Is64bit: 1, IsPro: 0

 COMMAND LINE ARGUMENTS:
F:\Unity_Editors\2020.2.2f1\Editor\Unity.exe
-adb2
-batchMode
-noUpm
-name
AssetImportWorker0
-projectPath
F:/Unity_Projects/01Cars_Curso_Unity_2020
-logFile
Logs/AssetImportWorker0.log
-srvPort
52389
Successfully changed project path to: F:/Unity_Projects/01Cars_Curso_Unity_2020
F:/Unity_Projects/01Cars_Curso_Unity_2020
Using Asset Import Pipeline V2.
Refreshing native plugins compatible for Editor in 45.52 ms, found 0 plugins.
Preloading 0 native plugins for Editor in 0.00 ms.
Initialize engine version: 2020.2.2f1 (068178b99f32)
[Subsystems] Discovering subsystems at path F:/Unity_Editors/2020.2.2f1/Editor/Data/Resources/UnitySubsystems
[Subsystems] Discovering subsystems at path F:/Unity_Projects/01Cars_Curso_Unity_2020/Assets
GfxDevice: creating device client; threaded=0
Direct3D:
    Version:  Direct3D 11.0 [level 11.0]
    Renderer: NVIDIA Quadro K620 (ID=0x13bb)
    Vendor:   
    VRAM:     2007 MB
    Driver:   27.21.14.5671
Initialize mono
Mono path[0] = 'F:/Unity_Editors/2020.2.2f1/Editor/Data/Managed'
Mono path[1] = 'F:/Unity_Editors/2020.2.2f1/Editor/Data/MonoBleedingEdge/lib/mono/unityjit'
Mono config path = 'F:/Unity_Editors/2020.2.2f1/Editor/Data/MonoBleedingEdge/etc'
Using monoOptions --debugger-agent=transport=dt_socket,embedding=1,server=y,suspend=n,address=127.0.0.1:56720
Begin MonoManager ReloadAssembly
Registering precompiled unity dll's ...
Register platform support module: F:/Unity_Editors/2020.2.2f1/Editor/Data/PlaybackEngines/WebGLSupport/UnityEditor.WebGL.Extensions.dll
Register platform support module: F:/Unity_Editors/2020.2.2f1/Editor/Data/PlaybackEngines/MacStandaloneSupport/UnityEditor.OSXStandalone.Extensions.dll
Register platform support module: F:/Unity_Editors/2020.2.2f1/Editor/Data/PlaybackEngines/WindowsStandaloneSupport/UnityEditor.WindowsStandalone.Extensions.dll
Registered in 0.007090 seconds.
Native extension for WindowsStandalone target not found
Native extension for OSXStandalone target not found
Native extension for WebGL target not found
Refreshing native plugins compatible for Editor in 40.44 ms, found 0 plugins.
Preloading 0 native plugins for Editor in 0.00 ms.
Invoked RoslynAnalysisRunner static constructor.
RoslynAnalysisRunner will not be running.
RoslynAnalysisRunner has terminated.
Mono: successfully reloaded assembly
- Completed reload, in  8.614 seconds
Platform modules already initialized, skipping
Registering precompiled user dll's ...
Registered in 0.002804 seconds.
Begin MonoManager ReloadAssembly
Native extension for WindowsStandalone target not found
Native extension for OSXStandalone target not found
Native extension for WebGL target not found
Refreshing native plugins compatible for Editor in 0.49 ms, found 0 plugins.
Preloading 0 native plugins for Editor in 0.00 ms.
Invoked RoslynAnalysisRunner static constructor.
RoslynAnalysisRunner will not be running.
RoslynAnalysisRunner has terminated.
Mono: successfully reloaded assembly
- Completed reload, in  1.415 seconds
Platform modules already initialized, skipping
========================================================================
Worker process is ready to serve import requests
Launched and connected shader compiler UnityShaderCompiler.exe after 0.06 seconds
Refreshing native plugins compatible for Editor in 0.52 ms, found 0 plugins.
Preloading 0 native plugins for Editor in 0.00 ms.
Unloading 1123 Unused Serialized files (Serialized files now loaded: 0)
System memory in use before: 57.7 MB.
System memory in use after: 57.8 MB.

Unloading 16 unused Assets to reduce memory usage. Loaded Objects now: 1563.
Total: 3.890800 ms (FindLiveObjects: 0.206600 ms CreateObjectMapping: 0.056000 ms MarkObjects: 3.423600 ms  DeleteObjects: 0.202700 ms)

========================================================================
Received Import Request.
  path: Assets/Scripts/FollowPlayer3D.cs
  artifactKey: Guid(ababab6eabf385248b75c53051455855) Importer(815301076,1909f56bfc062723c751e8b465ee728b)
Start importing Assets/Scripts/FollowPlayer3D.cs using Guid(ababab6eabf385248b75c53051455855) Importer(815301076,1909f56bfc062723c751e8b465ee728b)  -> (artifact id: 'cb4493bce24a09afd54628ba4d24b920') in 0.075239 seconds
  Import took 0.086913 seconds .

========================================================================
Received Prepare
Refreshing native plugins compatible for Editor in 2.01 ms, found 0 plugins.
Preloading 0 native plugins for Editor in 0.00 ms.
Unloading 10 Unused Serialized files (Serialized files now loaded: 0)
System memory in use before: 35.8 MB.
System memory in use after: 35.9 MB.

Unloading 10 unused Assets to reduce memory usage. Loaded Objects now: 1563.
Total: 2.200800 ms (FindLiveObjects: 0.208900 ms CreateObjectMapping: 0.124500 ms MarkObjects: 1.764700 ms  DeleteObjects: 0.091900 ms)

========================================================================
Received Import Request.
  Time since last request: 3.747124 seconds.
  path: Assets/Scripts/FollowPlayer3D.cs
  artifactKey: Guid(ababab6eabf385248b75c53051455855) Importer(815301076,1909f56bfc062723c751e8b465ee728b)
Start importing Assets/Scripts/FollowPlayer3D.cs using Guid(ababab6eabf385248b75c53051455855) Importer(815301076,1909f56bfc062723c751e8b465ee728b)  -> (artifact id: 'edaf3b670f4d0b6cb2ff166eb62aa993') in 0.005764 seconds
  Import took 0.008890 seconds .

========================================================================
Received Prepare
Registering precompiled user dll's ...
Registered in 0.002916 seconds.
Begin MonoManager ReloadAssembly
Native extension for WindowsStandalone target not found
Native extension for OSXStandalone target not found
Native extension for WebGL target not found
Refreshing native plugins compatible for Editor in 0.28 ms, found 0 plugins.
Preloading 0 native plugins for Editor in 0.00 ms.
Invoked RoslynAnalysisRunner static constructor.
RoslynAnalysisRunner will not be running.
RoslynAnalysisRunner has terminated.
Mono: successfully reloaded assembly
- Completed reload, in  0.908 seconds
Platform modules already initialized, skipping
Refreshing native plugins compatible for Editor in 0.30 ms, found 0 plugins.
Preloading 0 native plugins for Editor in 0.00 ms.
Unloading 1117 Unused Serialized files (Serialized files now loaded: 0)
System memory in use before: 58.2 MB.
System memory in use after: 58.2 MB.

Unloading 12 unused Assets to reduce memory usage. Loaded Objects now: 1565.
Total: 1.795300 ms (FindLiveObjects: 0.143000 ms CreateObjectMapping: 0.041400 ms MarkObjects: 1.524200 ms  DeleteObjects: 0.085800 ms)

========================================================================
Received Prepare
Registering precompiled user dll's ...
Registered in 0.003827 seconds.
Begin MonoManager ReloadAssembly
Native extension for WindowsStandalone target not found
Native extension for OSXStandalone target not found
Native extension for WebGL target not found
Refreshing native plugins compatible for Editor in 0.29 ms, found 0 plugins.
Preloading 0 native plugins for Editor in 0.00 ms.
Invoked RoslynAnalysisRunner static constructor.
RoslynAnalysisRunner will not be running.
RoslynAnalysisRunner has terminated.
Mono: successfully reloaded assembly
- Completed reload, in  0.924 seconds
Platform modules already initialized, skipping
Refreshing native plugins compatible for Editor in 0.32 ms, found 0 plugins.
Preloading 0 native plugins for Editor in 0.00 ms.
Unloading 1117 Unused Serialized files (Serialized files now loaded: 0)
System memory in use before: 58.4 MB.
System memory in use after: 58.5 MB.

Unloading 12 unused Assets to reduce memory usage. Loaded Objects now: 1567.
Total: 2.047500 ms (FindLiveObjects: 0.165700 ms CreateObjectMapping: 0.068400 ms MarkObjects: 1.727300 ms  DeleteObjects: 0.085400 ms)

========================================================================
Received Prepare
Registering precompiled user dll's ...
Registered in 0.002799 seconds.
Begin MonoManager ReloadAssembly
Native extension for WindowsStandalone target not found
Native extension for OSXStandalone target not found
Native extension for WebGL target not found
Refreshing native plugins compatible for Editor in 0.30 ms, found 0 plugins.
Preloading 0 native plugins for Editor in 0.00 ms.
Invoked RoslynAnalysisRunner static constructor.
RoslynAnalysisRunner will not be running.
RoslynAnalysisRunner has terminated.
Mono: successfully reloaded assembly
- Completed reload, in  0.961 seconds
Platform modules already initialized, skipping
Refreshing native plugins compatible for Editor in 0.31 ms, found 0 plugins.
Preloading 0 native plugins for Editor in 0.00 ms.
Unloading 1117 Unused Serialized files (Serialized files now loaded: 0)
System memory in use before: 58.8 MB.
System memory in use after: 58.8 MB.

Unloading 12 unused Assets to reduce memory usage. Loaded Objects now: 1569.
Total: 2.722200 ms (FindLiveObjects: 0.178800 ms CreateObjectMapping: 0.083300 ms MarkObjects: 2.377200 ms  DeleteObjects: 0.082000 ms)

========================================================================
Received Import Request.
  Time since last request: 111.408841 seconds.
  path: Assets/Scripts/FollowPlayer3D.cs
  artifactKey: Guid(ababab6eabf385248b75c53051455855) Importer(815301076,1909f56bfc062723c751e8b465ee728b)
Start importing Assets/Scripts/FollowPlayer3D.cs using Guid(ababab6eabf385248b75c53051455855) Importer(815301076,1909f56bfc062723c751e8b465ee728b)  -> (artifact id: '214520e32a7848bae09be229b3b299f6') in 0.008239 seconds
  Import took 0.010888 seconds .

========================================================================
Received Import Request.
  Time since last request: 1.396434 seconds.
  path: Assets/Scripts/FollowPlayer3D.cs
  artifactKey: Guid(ababab6eabf385248b75c53051455855) Importer(815301076,1909f56bfc062723c751e8b465ee728b)
Start importing Assets/Scripts/FollowPlayer3D.cs using Guid(ababab6eabf385248b75c53051455855) Importer(815301076,1909f56bfc062723c751e8b465ee728b)  -> (artifact id: '214520e32a7848bae09be229b3b299f6') in 0.005676 seconds
  Import took 0.008326 seconds .

========================================================================
Received Prepare
Registering precompiled user dll's ...
Registered in 0.003695 seconds.
Begin MonoManager ReloadAssembly
Native extension for WindowsStandalone target not found
Native extension for OSXStandalone target not found
Native extension for WebGL target not found
Refreshing native plugins compatible for Editor in 0.31 ms, found 0 plugins.
Preloading 0 native plugins for Editor in 0.00 ms.
Invoked RoslynAnalysisRunner static constructor.
RoslynAnalysisRunner will not be running.
RoslynAnalysisRunner has terminated.
Mono: successfully reloaded assembly
- Completed reload, in  0.985 seconds
Platform modules already initialized, skipping
Refreshing native plugins compatible for Editor in 0.31 ms, found 0 plugins.
Preloading 0 native plugins for Editor in 0.00 ms.
Unloading 1117 Unused Serialized files (Serialized files now loaded: 0)
System memory in use before: 59.0 MB.
System memory in use after: 59.1 MB.

Unloading 12 unused Assets to reduce memory usage. Loaded Objects now: 1571.
Total: 2.008900 ms (FindLiveObjects: 0.197600 ms CreateObjectMapping: 0.112400 ms MarkObjects: 1.625900 ms  DeleteObjects: 0.071600 ms)

========================================================================
Received Import Request.
  Time since last request: 21.161533 seconds.
  path: Assets/Scripts/FollowPlayer3D.cs
  artifactKey: Guid(ababab6eabf385248b75c53051455855) Importer(815301076,1909f56bfc062723c751e8b465ee728b)
Start importing Assets/Scripts/FollowPlayer3D.cs using Guid(ababab6eabf385248b75c53051455855) Importer(815301076,1909f56bfc062723c751e8b465ee728b)  -> (artifact id: 'd8c5a8333612ef2e5de90a0e2964ca99') in 0.007758 seconds
  Import took 0.009816 seconds .

========================================================================
Received Import Request.
  Time since last request: 1.369368 seconds.
  path: Assets/Scripts/FollowPlayer3D.cs
  artifactKey: Guid(ababab6eabf385248b75c53051455855) Importer(815301076,1909f56bfc062723c751e8b465ee728b)
Start importing Assets/Scripts/FollowPlayer3D.cs using Guid(ababab6eabf385248b75c53051455855) Importer(815301076,1909f56bfc062723c751e8b465ee728b)  -> (artifact id: 'd8c5a8333612ef2e5de90a0e2964ca99') in 0.005303 seconds
  Import took 0.007575 seconds .

========================================================================
Received Prepare
Registering precompiled user dll's ...
Registered in 0.002984 seconds.
Begin MonoManager ReloadAssembly
Native extension for WindowsStandalone target not found
Native extension for OSXStandalone target not found
Native extension for WebGL target not found
Refreshing native plugins compatible for Editor in 0.70 ms, found 0 plugins.
Preloading 0 native plugins for Editor in 0.00 ms.
Invoked RoslynAnalysisRunner static constructor.
RoslynAnalysisRunner will not be running.
RoslynAnalysisRunner has terminated.
Mono: successfully reloaded assembly
- Completed reload, in  0.919 seconds
Platform modules already initialized, skipping
Refreshing native plugins compatible for Editor in 0.30 ms, found 0 plugins.
Preloading 0 native plugins for Editor in 0.00 ms.
Unloading 1117 Unused Serialized files (Serialized files now loaded: 0)
System memory in use before: 59.3 MB.
System memory in use after: 59.4 MB.

Unloading 12 unused Assets to reduce memory usage. Loaded Objects now: 1573.
Total: 1.819600 ms (FindLiveObjects: 0.167400 ms CreateObjectMapping: 0.040700 ms MarkObjects: 1.519100 ms  DeleteObjects: 0.091400 ms)

========================================================================
Received Import Request.
  Time since last request: 458.813399 seconds.
  path: Assets/Scripts/FollowPlayer.cs
  artifactKey: Guid(9c703a503bc623d4eb2bdd3f97e609c9) Importer(815301076,1909f56bfc062723c751e8b465ee728b)
Start importing Assets/Scripts/FollowPlayer.cs using Guid(9c703a503bc623d4eb2bdd3f97e609c9) Importer(815301076,1909f56bfc062723c751e8b465ee728b)  -> (artifact id: '84c62ef2f255b378e5cbd44ff3edd7e8') in 0.014559 seconds
  Import took 0.017458 seconds .

========================================================================
Received Prepare
Registering precompiled user dll's ...
Registered in 0.002752 seconds.
Begin MonoManager ReloadAssembly
Native extension for WindowsStandalone target not found
Native extension for OSXStandalone target not found
Native extension for WebGL target not found
Refreshing native plugins compatible for Editor in 0.30 ms, found 0 plugins.
Preloading 0 native plugins for Editor in 0.00 ms.
Invoked RoslynAnalysisRunner static constructor.
RoslynAnalysisRunner will not be running.
RoslynAnalysisRunner has terminated.
Mono: successfully reloaded assembly
- Completed reload, in  0.822 seconds
Platform modules already initialized, skipping
Refreshing native plugins compatible for Editor in 0.31 ms, found 0 plugins.
Preloading 0 native plugins for Editor in 0.00 ms.
Unloading 1117 Unused Serialized files (Serialized files now loaded: 0)
System memory in use before: 59.5 MB.
System memory in use after: 59.6 MB.

Unloading 12 unused Assets to reduce memory usage. Loaded Objects now: 1575.
Total: 1.805200 ms (FindLiveObjects: 0.138400 ms CreateObjectMapping: 0.039600 ms MarkObjects: 1.536300 ms  DeleteObjects: 0.090100 ms)

AssetImportWorkerClient::OnTransportError - code=2 error=End of file
