Using pre-set license
Built from '2020.3/staging' branch; Version is '2020.3.0f1 (c7b5465681fb) revision 13088070'; Using compiler version '192528614'; Build Type 'Release'
OS: 'Windows 10 Home; OS build 19042.867; Version 2009; 64bit' Language: 'es' Physical Memory: 16323 MB
BatchMode: 1, IsHumanControllingUs: 0, StartBugReporterOnCrash: 0, Is64bit: 1, IsPro: 0

 COMMAND LINE ARGUMENTS:
G:\Unity_Editors\2020.3.0f1\Editor\Unity.exe
-adb2
-batchMode
-noUpm
-name
AssetImportWorker0
-projectPath
G:/Unity_Projects/Curso_Unity_2020/Course_Unity_2020/06_Jhon_Lemmon
-logFile
Logs/AssetImportWorker0.log
-srvPort
62627
Successfully changed project path to: G:/Unity_Projects/Curso_Unity_2020/Course_Unity_2020/06_Jhon_Lemmon
G:/Unity_Projects/Curso_Unity_2020/Course_Unity_2020/06_Jhon_Lemmon
Using Asset Import Pipeline V2.
Refreshing native plugins compatible for Editor in 64.11 ms, found 0 plugins.
Preloading 0 native plugins for Editor in 0.00 ms.
Initialize engine version: 2020.3.0f1 (c7b5465681fb)
[Subsystems] Discovering subsystems at path G:/Unity_Editors/2020.3.0f1/Editor/Data/Resources/UnitySubsystems
[Subsystems] Discovering subsystems at path G:/Unity_Projects/Curso_Unity_2020/Course_Unity_2020/06_Jhon_Lemmon/Assets
GfxDevice: creating device client; threaded=0
Direct3D:
    Version:  Direct3D 11.0 [level 11.1]
    Renderer: NVIDIA GeForce GTX 1070 (ID=0x1be1)
    Vendor:   
    VRAM:     8081 MB
    Driver:   27.21.14.6192
Initialize mono
Mono path[0] = 'G:/Unity_Editors/2020.3.0f1/Editor/Data/Managed'
Mono path[1] = 'G:/Unity_Editors/2020.3.0f1/Editor/Data/MonoBleedingEdge/lib/mono/unityjit'
Mono config path = 'G:/Unity_Editors/2020.3.0f1/Editor/Data/MonoBleedingEdge/etc'
Using monoOptions --debugger-agent=transport=dt_socket,embedding=1,server=y,suspend=n,address=127.0.0.1:56752
Begin MonoManager ReloadAssembly
Registering precompiled unity dll's ...
Register platform support module: G:/Unity_Editors/2020.3.0f1/Editor/Data/PlaybackEngines/WindowsStandaloneSupport/UnityEditor.WindowsStandalone.Extensions.dll
Registered in 0.002839 seconds.
Native extension for WindowsStandalone target not found
Refreshing native plugins compatible for Editor in 50.85 ms, found 0 plugins.
Preloading 0 native plugins for Editor in 0.00 ms.
Invoked RoslynAnalysisRunner static constructor.
RoslynAnalysisRunner will not be running.
RoslynAnalysisRunner has terminated.
Mono: successfully reloaded assembly
- Completed reload, in  2.583 seconds
Platform modules already initialized, skipping
Registering precompiled user dll's ...
Registered in 0.004409 seconds.
Begin MonoManager ReloadAssembly
Native extension for WindowsStandalone target not found
Refreshing native plugins compatible for Editor in 0.61 ms, found 0 plugins.
Preloading 0 native plugins for Editor in 0.00 ms.
Invoked RoslynAnalysisRunner static constructor.
RoslynAnalysisRunner will not be running.
RoslynAnalysisRunner has terminated.
Mono: successfully reloaded assembly
- Completed reload, in  1.090 seconds
Platform modules already initialized, skipping
========================================================================
Worker process is ready to serve import requests
Launched and connected shader compiler UnityShaderCompiler.exe after 0.05 seconds
Refreshing native plugins compatible for Editor in 0.51 ms, found 0 plugins.
Preloading 0 native plugins for Editor in 0.00 ms.
Unloading 1621 Unused Serialized files (Serialized files now loaded: 0)
System memory in use before: 149.5 MB.
System memory in use after: 149.5 MB.

Unloading 36 unused Assets to reduce memory usage. Loaded Objects now: 2056.
Total: 2.025500 ms (FindLiveObjects: 0.193700 ms CreateObjectMapping: 0.067800 ms MarkObjects: 1.643800 ms  DeleteObjects: 0.119300 ms)

========================================================================
Received Import Request.
  path: Assets/Textures/VFX/DustMote.png
  artifactKey: Guid(394e93ce356b57344903a08ff72fcab2) Importer(815301076,1909f56bfc062723c751e8b465ee728b)
Start importing Assets/Textures/VFX/DustMote.png using Guid(394e93ce356b57344903a08ff72fcab2) Importer(815301076,1909f56bfc062723c751e8b465ee728b)  -> (artifact id: 'f7c53c076aca7a34fb88e53483dad25a') in 0.124627 seconds
  Import took 0.128772 seconds .

========================================================================
Received Import Request.
  Time since last request: 0.000286 seconds.
  path: Assets/Textures/UI/Won.png
  artifactKey: Guid(623a7345ca6d38f4280b86c32ffe7c15) Importer(815301076,1909f56bfc062723c751e8b465ee728b)
Start importing Assets/Textures/UI/Won.png using Guid(623a7345ca6d38f4280b86c32ffe7c15) Importer(815301076,1909f56bfc062723c751e8b465ee728b)  -> (artifact id: '3fef4cc0d13ed23efb834d1ef46a25ee') in 0.054722 seconds
  Import took 0.058031 seconds .

========================================================================
Received Import Request.
  Time since last request: 0.000387 seconds.
  path: Assets/Textures/UI/Caught.png
  artifactKey: Guid(85d46c7add1129741a0d78fadba6998e) Importer(815301076,1909f56bfc062723c751e8b465ee728b)
Start importing Assets/Textures/UI/Caught.png using Guid(85d46c7add1129741a0d78fadba6998e) Importer(815301076,1909f56bfc062723c751e8b465ee728b)  -> (artifact id: '7f69a68d675715dc1c6512e9ea2add7b') in 0.042491 seconds
  Import took 0.046249 seconds .

========================================================================
Received Import Request.
  Time since last request: 586.766484 seconds.
  path: Assets/_Scripts
  artifactKey: Guid(4b32d296f22ef544caf49758d8111991) Importer(815301076,1909f56bfc062723c751e8b465ee728b)
Start importing Assets/_Scripts using Guid(4b32d296f22ef544caf49758d8111991) Importer(815301076,1909f56bfc062723c751e8b465ee728b)  -> (artifact id: '40e0dc778f0912c24b4f26a596eafa05') in 0.014905 seconds
  Import took 0.018399 seconds .

========================================================================
Received Import Request.
  Time since last request: 7.865118 seconds.
  path: Assets/_Scripts/GameEnding.cs
  artifactKey: Guid(c4da1be1163a5264aab20e42e733c44e) Importer(815301076,1909f56bfc062723c751e8b465ee728b)
Start importing Assets/_Scripts/GameEnding.cs using Guid(c4da1be1163a5264aab20e42e733c44e) Importer(815301076,1909f56bfc062723c751e8b465ee728b)  -> (artifact id: 'b9bcd29aae20b6af8a3708084ecd55ff') in 0.028579 seconds
  Import took 0.032512 seconds .

========================================================================
Received Prepare
Registering precompiled user dll's ...
Registered in 0.019152 seconds.
Begin MonoManager ReloadAssembly
Native extension for WindowsStandalone target not found
Refreshing native plugins compatible for Editor in 0.48 ms, found 0 plugins.
Preloading 0 native plugins for Editor in 0.00 ms.
Invoked RoslynAnalysisRunner static constructor.
RoslynAnalysisRunner will not be running.
RoslynAnalysisRunner has terminated.
Mono: successfully reloaded assembly
- Completed reload, in  1.771 seconds
Platform modules already initialized, skipping
Refreshing native plugins compatible for Editor in 0.76 ms, found 0 plugins.
Preloading 0 native plugins for Editor in 0.00 ms.
Unloading 1586 Unused Serialized files (Serialized files now loaded: 0)
System memory in use before: 150.3 MB.
System memory in use after: 150.4 MB.

Unloading 27 unused Assets to reduce memory usage. Loaded Objects now: 2067.
Total: 3.956800 ms (FindLiveObjects: 0.343800 ms CreateObjectMapping: 0.112700 ms MarkObjects: 3.422300 ms  DeleteObjects: 0.075800 ms)

========================================================================
Received Prepare
Registering precompiled user dll's ...
Registered in 0.006132 seconds.
Begin MonoManager ReloadAssembly
Native extension for WindowsStandalone target not found
Refreshing native plugins compatible for Editor in 0.59 ms, found 0 plugins.
Preloading 0 native plugins for Editor in 0.00 ms.
Invoked RoslynAnalysisRunner static constructor.
RoslynAnalysisRunner will not be running.
RoslynAnalysisRunner has terminated.
Mono: successfully reloaded assembly
- Completed reload, in  1.135 seconds
Platform modules already initialized, skipping
Refreshing native plugins compatible for Editor in 0.46 ms, found 0 plugins.
Preloading 0 native plugins for Editor in 0.00 ms.
Unloading 1585 Unused Serialized files (Serialized files now loaded: 0)
System memory in use before: 150.3 MB.
System memory in use after: 150.4 MB.

Unloading 27 unused Assets to reduce memory usage. Loaded Objects now: 2070.
Total: 1.749700 ms (FindLiveObjects: 0.219000 ms CreateObjectMapping: 0.070300 ms MarkObjects: 1.395900 ms  DeleteObjects: 0.062900 ms)

========================================================================
Received Import Request.
  Time since last request: 571.900444 seconds.
  path: Assets/_Scripts/GameEnding.cs
  artifactKey: Guid(c4da1be1163a5264aab20e42e733c44e) Importer(815301076,1909f56bfc062723c751e8b465ee728b)
Start importing Assets/_Scripts/GameEnding.cs using Guid(c4da1be1163a5264aab20e42e733c44e) Importer(815301076,1909f56bfc062723c751e8b465ee728b)  -> (artifact id: '23141413a8e3a08109554aebabb26ea2') in 0.014715 seconds
  Import took 0.017595 seconds .

========================================================================
Received Prepare
Registering precompiled user dll's ...
Registered in 0.005617 seconds.
Begin MonoManager ReloadAssembly
Native extension for WindowsStandalone target not found
Refreshing native plugins compatible for Editor in 0.58 ms, found 0 plugins.
Preloading 0 native plugins for Editor in 0.00 ms.
Invoked RoslynAnalysisRunner static constructor.
RoslynAnalysisRunner will not be running.
RoslynAnalysisRunner has terminated.
Mono: successfully reloaded assembly
- Completed reload, in  0.883 seconds
Platform modules already initialized, skipping
Refreshing native plugins compatible for Editor in 0.48 ms, found 0 plugins.
Preloading 0 native plugins for Editor in 0.00 ms.
Unloading 1585 Unused Serialized files (Serialized files now loaded: 0)
System memory in use before: 150.3 MB.
System memory in use after: 150.3 MB.

Unloading 27 unused Assets to reduce memory usage. Loaded Objects now: 2073.
Total: 1.843000 ms (FindLiveObjects: 0.164500 ms CreateObjectMapping: 0.058200 ms MarkObjects: 1.541900 ms  DeleteObjects: 0.076700 ms)

========================================================================
Received Prepare
Registering precompiled user dll's ...
Registered in 0.003615 seconds.
Begin MonoManager ReloadAssembly
Native extension for WindowsStandalone target not found
Refreshing native plugins compatible for Editor in 0.45 ms, found 0 plugins.
Preloading 0 native plugins for Editor in 0.00 ms.
Invoked RoslynAnalysisRunner static constructor.
RoslynAnalysisRunner will not be running.
RoslynAnalysisRunner has terminated.
Mono: successfully reloaded assembly
- Completed reload, in  1.008 seconds
Platform modules already initialized, skipping
Refreshing native plugins compatible for Editor in 0.48 ms, found 0 plugins.
Preloading 0 native plugins for Editor in 0.00 ms.
Unloading 1585 Unused Serialized files (Serialized files now loaded: 0)
System memory in use before: 150.3 MB.
System memory in use after: 150.4 MB.

Unloading 27 unused Assets to reduce memory usage. Loaded Objects now: 2076.
Total: 1.774000 ms (FindLiveObjects: 0.193800 ms CreateObjectMapping: 0.053600 ms MarkObjects: 1.457000 ms  DeleteObjects: 0.068300 ms)

========================================================================
Received Prepare
Registering precompiled user dll's ...
Registered in 0.003584 seconds.
Begin MonoManager ReloadAssembly
Native extension for WindowsStandalone target not found
Refreshing native plugins compatible for Editor in 0.43 ms, found 0 plugins.
Preloading 0 native plugins for Editor in 0.00 ms.
Invoked RoslynAnalysisRunner static constructor.
RoslynAnalysisRunner will not be running.
RoslynAnalysisRunner has terminated.
Mono: successfully reloaded assembly
- Completed reload, in  0.893 seconds
Platform modules already initialized, skipping
Refreshing native plugins compatible for Editor in 0.47 ms, found 0 plugins.
Preloading 0 native plugins for Editor in 0.00 ms.
Unloading 1585 Unused Serialized files (Serialized files now loaded: 0)
System memory in use before: 150.3 MB.
System memory in use after: 150.4 MB.

Unloading 27 unused Assets to reduce memory usage. Loaded Objects now: 2079.
Total: 1.782700 ms (FindLiveObjects: 0.222600 ms CreateObjectMapping: 0.065100 ms MarkObjects: 1.425300 ms  DeleteObjects: 0.068600 ms)

========================================================================
Received Prepare
Registering precompiled user dll's ...
Registered in 0.003582 seconds.
Begin MonoManager ReloadAssembly
Native extension for WindowsStandalone target not found
Refreshing native plugins compatible for Editor in 0.45 ms, found 0 plugins.
Preloading 0 native plugins for Editor in 0.00 ms.
Invoked RoslynAnalysisRunner static constructor.
RoslynAnalysisRunner will not be running.
RoslynAnalysisRunner has terminated.
Mono: successfully reloaded assembly
- Completed reload, in  1.032 seconds
Platform modules already initialized, skipping
Refreshing native plugins compatible for Editor in 0.45 ms, found 0 plugins.
Preloading 0 native plugins for Editor in 0.00 ms.
Unloading 1585 Unused Serialized files (Serialized files now loaded: 0)
System memory in use before: 150.3 MB.
System memory in use after: 150.4 MB.

Unloading 27 unused Assets to reduce memory usage. Loaded Objects now: 2082.
Total: 1.945200 ms (FindLiveObjects: 0.190200 ms CreateObjectMapping: 0.072600 ms MarkObjects: 1.614000 ms  DeleteObjects: 0.066900 ms)

========================================================================
Received Prepare
Registering precompiled user dll's ...
Registered in 0.005790 seconds.
Begin MonoManager ReloadAssembly
Native extension for WindowsStandalone target not found
Refreshing native plugins compatible for Editor in 0.64 ms, found 0 plugins.
Preloading 0 native plugins for Editor in 0.00 ms.
Invoked RoslynAnalysisRunner static constructor.
RoslynAnalysisRunner will not be running.
RoslynAnalysisRunner has terminated.
Mono: successfully reloaded assembly
- Completed reload, in  1.152 seconds
Platform modules already initialized, skipping
Refreshing native plugins compatible for Editor in 0.47 ms, found 0 plugins.
Preloading 0 native plugins for Editor in 0.00 ms.
Unloading 1585 Unused Serialized files (Serialized files now loaded: 0)
System memory in use before: 150.3 MB.
System memory in use after: 150.4 MB.

Unloading 27 unused Assets to reduce memory usage. Loaded Objects now: 2085.
Total: 3.245400 ms (FindLiveObjects: 0.233500 ms CreateObjectMapping: 0.299400 ms MarkObjects: 2.642200 ms  DeleteObjects: 0.067900 ms)

========================================================================
Received Import Request.
  Time since last request: 679.844017 seconds.
  path: Assets/Prefabs/Environment
  artifactKey: Guid(0de8ecb26cbe0cc42824052a40e35836) Importer(815301076,1909f56bfc062723c751e8b465ee728b)
Start importing Assets/Prefabs/Environment using Guid(0de8ecb26cbe0cc42824052a40e35836) Importer(815301076,1909f56bfc062723c751e8b465ee728b)  -> (artifact id: 'fb2cfa0fe29c95cccdc0836304315d2b') in 0.016745 seconds
  Import took 0.020925 seconds .

========================================================================
Received Import Request.
  Time since last request: 5.350995 seconds.
  path: Assets/Models/Characters
  artifactKey: Guid(0a4baff46de2c5f42a4a87eb698b18ed) Importer(815301076,1909f56bfc062723c751e8b465ee728b)
Start importing Assets/Models/Characters using Guid(0a4baff46de2c5f42a4a87eb698b18ed) Importer(815301076,1909f56bfc062723c751e8b465ee728b)  -> (artifact id: 'ae2e4a77c21c5c2b154f20c3ac80a235') in 0.015836 seconds
  Import took 0.019832 seconds .

========================================================================
Received Import Request.
  Time since last request: 31.858680 seconds.
  path: Assets/Prefabs/Gargoyle.prefab
  artifactKey: Guid(85e49eed2a0e5644c9ee457e52abaf6a) Importer(815301076,1909f56bfc062723c751e8b465ee728b)
Start importing Assets/Prefabs/Gargoyle.prefab using Guid(85e49eed2a0e5644c9ee457e52abaf6a) Importer(815301076,1909f56bfc062723c751e8b465ee728b)  -> (artifact id: '4989c1432d3dedd46aa6e1462ad9e969') in 0.134360 seconds
  Import took 0.138401 seconds .

========================================================================
Received Import Request.
  Time since last request: 6.652868 seconds.
  path: Assets/Prefabs/Gargoyle.prefab
  artifactKey: Guid(85e49eed2a0e5644c9ee457e52abaf6a) Importer(815301076,1909f56bfc062723c751e8b465ee728b)
Start importing Assets/Prefabs/Gargoyle.prefab using Guid(85e49eed2a0e5644c9ee457e52abaf6a) Importer(815301076,1909f56bfc062723c751e8b465ee728b)  -> (artifact id: 'a29adf5256dba9de3043d6497baed01a') in 0.041521 seconds
  Import took 0.045094 seconds .

========================================================================
Received Import Request.
  Time since last request: 41.263846 seconds.
  path: Assets/Animation/Animators/Gargoyle Controller.controller
  artifactKey: Guid(debe76e41b80b5c459f6635fb96b44a1) Importer(815301076,1909f56bfc062723c751e8b465ee728b)
Start importing Assets/Animation/Animators/Gargoyle Controller.controller using Guid(debe76e41b80b5c459f6635fb96b44a1) Importer(815301076,1909f56bfc062723c751e8b465ee728b)  -> (artifact id: '2b5611d8697bb78650e3e8b621d45def') in 0.017492 seconds
  Import took 0.020597 seconds .

========================================================================
Received Import Request.
  Time since last request: 16.295754 seconds.
  path: Assets/Prefabs/Gargoyle.prefab
  artifactKey: Guid(85e49eed2a0e5644c9ee457e52abaf6a) Importer(815301076,1909f56bfc062723c751e8b465ee728b)
Start importing Assets/Prefabs/Gargoyle.prefab using Guid(85e49eed2a0e5644c9ee457e52abaf6a) Importer(815301076,1909f56bfc062723c751e8b465ee728b) The Animator Controller (Gargoyle Controller) you have used is not valid. Animations will not play
UnityEngine.StackTraceUtility:ExtractStackTrace ()
UnityEditor.EditorUtility:Internal_InstantiateRemoveAllNonAnimationComponentsSingle (UnityEngine.Object,UnityEngine.Vector3,UnityEngine.Quaternion)
UnityEditor.EditorUtility:InstantiateRemoveAllNonAnimationComponents (UnityEngine.Object,UnityEngine.Vector3,UnityEngine.Quaternion)
UnityEditor.EditorUtility:InstantiateForAnimatorPreview (UnityEngine.Object)
UnityEditor.GameObjectInspector/PreviewData:UpdateGameObject (UnityEngine.Object)
UnityEditor.GameObjectInspector/PreviewData:.ctor (UnityEngine.Object)
UnityEditor.GameObjectInspector:GetPreviewData ()
UnityEditor.GameObjectInspector:RenderStaticPreview (string,UnityEngine.Object[],int,int)
UnityEditor.AssetPreviewUpdater:CreatePreviewForAsset (UnityEngine.Object,UnityEngine.Object[],string)

[C:\buildslave\unity\build\Modules/Animation/Director/AnimatorControllerPlayable.cpp line 332]

The Animator Controller (Gargoyle Controller) you have used is not valid. Animations will not play
UnityEngine.StackTraceUtility:ExtractStackTrace ()
UnityEditor.EditorUtility:InitInstantiatedPreviewRecursive (UnityEngine.GameObject)
UnityEditor.EditorUtility:InstantiateForAnimatorPreview (UnityEngine.Object)
UnityEditor.GameObjectInspector/PreviewData:UpdateGameObject (UnityEngine.Object)
UnityEditor.GameObjectInspector/PreviewData:.ctor (UnityEngine.Object)
UnityEditor.GameObjectInspector:GetPreviewData ()
UnityEditor.GameObjectInspector:RenderStaticPreview (string,UnityEngine.Object[],int,int)
UnityEditor.AssetPreviewUpdater:CreatePreviewForAsset (UnityEngine.Object,UnityEngine.Object[],string)

[C:\buildslave\unity\build\Modules/Animation/Director/AnimatorControllerPlayable.cpp line 332]

 -> (artifact id: '875d6e561fe32b37cf8f48eda203cd96') in 0.038297 seconds
  Import took 0.042031 seconds .

AssetImportWorkerClient::OnTransportError - code=2 error=End of file
