Using pre-set license
Built from '2020.2/release' branch; Version is '2020.2.4f1 (becced5a802b) revision 12504301'; Using compiler version '192528614'; Build Type 'Release'
OS: 'Windows 10 Home; OS build 18363.1379; Version 1909; 64bit' Language: 'es' Physical Memory: 16323 MB
BatchMode: 1, IsHumanControllingUs: 0, StartBugReporterOnCrash: 0, Is64bit: 1, IsPro: 0

 COMMAND LINE ARGUMENTS:
G:\Unity_Editors\2020.2.4f1\Editor\Unity.exe
-adb2
-batchMode
-noUpm
-name
AssetImportWorker0
-projectPath
G:/Unity_Projects/04_Sumo_Balls
-logFile
Logs/AssetImportWorker0.log
-srvPort
54172
Successfully changed project path to: G:/Unity_Projects/04_Sumo_Balls
G:/Unity_Projects/04_Sumo_Balls
Using Asset Import Pipeline V2.
Refreshing native plugins compatible for Editor in 33.91 ms, found 0 plugins.
Preloading 0 native plugins for Editor in 0.00 ms.
Initialize engine version: 2020.2.4f1 (becced5a802b)
[Subsystems] Discovering subsystems at path G:/Unity_Editors/2020.2.4f1/Editor/Data/Resources/UnitySubsystems
[Subsystems] Discovering subsystems at path G:/Unity_Projects/04_Sumo_Balls/Assets
GfxDevice: creating device client; threaded=0
Direct3D:
    Version:  Direct3D 11.0 [level 11.1]
    Renderer: NVIDIA GeForce GTX 1070 (ID=0x1be1)
    Vendor:   
    VRAM:     8081 MB
    Driver:   27.21.14.6109
Initialize mono
Mono path[0] = 'G:/Unity_Editors/2020.2.4f1/Editor/Data/Managed'
Mono path[1] = 'G:/Unity_Editors/2020.2.4f1/Editor/Data/MonoBleedingEdge/lib/mono/unityjit'
Mono config path = 'G:/Unity_Editors/2020.2.4f1/Editor/Data/MonoBleedingEdge/etc'
Using monoOptions --debugger-agent=transport=dt_socket,embedding=1,server=y,suspend=n,address=127.0.0.1:56992
Begin MonoManager ReloadAssembly
Registering precompiled unity dll's ...
Register platform support module: G:/Unity_Editors/2020.2.4f1/Editor/Data/PlaybackEngines/WindowsStandaloneSupport/UnityEditor.WindowsStandalone.Extensions.dll
Registered in 0.007085 seconds.
Native extension for WindowsStandalone target not found
Refreshing native plugins compatible for Editor in 31.26 ms, found 0 plugins.
Preloading 0 native plugins for Editor in 0.00 ms.
Invoked RoslynAnalysisRunner static constructor.
RoslynAnalysisRunner will not be running.
RoslynAnalysisRunner has terminated.
Mono: successfully reloaded assembly
- Completed reload, in  2.318 seconds
Platform modules already initialized, skipping
Registering precompiled user dll's ...
Registered in 0.004472 seconds.
Begin MonoManager ReloadAssembly
Native extension for WindowsStandalone target not found
Refreshing native plugins compatible for Editor in 0.40 ms, found 0 plugins.
Preloading 0 native plugins for Editor in 0.00 ms.
Invoked RoslynAnalysisRunner static constructor.
RoslynAnalysisRunner will not be running.
RoslynAnalysisRunner has terminated.
Mono: successfully reloaded assembly
- Completed reload, in  1.060 seconds
Platform modules already initialized, skipping
========================================================================
Worker process is ready to serve import requests
Launched and connected shader compiler UnityShaderCompiler.exe after 0.06 seconds
Refreshing native plugins compatible for Editor in 0.26 ms, found 0 plugins.
Preloading 0 native plugins for Editor in 0.00 ms.
Unloading 1131 Unused Serialized files (Serialized files now loaded: 0)
System memory in use before: 57.9 MB.
System memory in use after: 57.9 MB.

Unloading 16 unused Assets to reduce memory usage. Loaded Objects now: 1573.
Total: 1.958500 ms (FindLiveObjects: 0.152700 ms CreateObjectMapping: 0.037900 ms MarkObjects: 1.691100 ms  DeleteObjects: 0.076000 ms)

========================================================================
Received Import Request.
  path: Assets/Materials/PolygonPrototype_Texture_Grid_06.mat
  artifactKey: Guid(0b352dc2499b9b34a99e741d58e922f4) Importer(815301076,1909f56bfc062723c751e8b465ee728b)
Start importing Assets/Materials/PolygonPrototype_Texture_Grid_06.mat using Guid(0b352dc2499b9b34a99e741d58e922f4) Importer(815301076,1909f56bfc062723c751e8b465ee728b)  -> (artifact id: '087f2b7b0b308b5d31236cf1dd6d3379') in 0.141221 seconds
  Import took 0.143841 seconds .

========================================================================
Received Import Request.
  Time since last request: 0.000407 seconds.
  path: Assets/Course Library/Textures/Ground/Materials/Grass.mat
  artifactKey: Guid(5b7ef1bced4514b68ad742afc6c66e35) Importer(815301076,1909f56bfc062723c751e8b465ee728b)
Start importing Assets/Course Library/Textures/Ground/Materials/Grass.mat using Guid(5b7ef1bced4514b68ad742afc6c66e35) Importer(815301076,1909f56bfc062723c751e8b465ee728b)  -> (artifact id: '58527816d644079b9b7f7140526645ec') in 0.026224 seconds
  Import took 0.028614 seconds .

========================================================================
Received Import Request.
  Time since last request: 0.000372 seconds.
  path: Assets/Course Library/Source_Files/Materials/SumoBalls_Material.mat
  artifactKey: Guid(ae4ff49dfb4c229488b12d99e4b0e3fc) Importer(815301076,1909f56bfc062723c751e8b465ee728b)
Start importing Assets/Course Library/Source_Files/Materials/SumoBalls_Material.mat using Guid(ae4ff49dfb4c229488b12d99e4b0e3fc) Importer(815301076,1909f56bfc062723c751e8b465ee728b)  -> (artifact id: '4a8702cd6f3102d5373b6a86e985afee') in 0.014897 seconds
  Import took 0.017715 seconds .

========================================================================
Received Import Request.
  Time since last request: 182.979812 seconds.
  path: Assets/Challenge 4/Scripts/PlayerControllerX.cs
  artifactKey: Guid(5036a60f22d8542ca830e4578804462b) Importer(815301076,1909f56bfc062723c751e8b465ee728b)
Start importing Assets/Challenge 4/Scripts/PlayerControllerX.cs using Guid(5036a60f22d8542ca830e4578804462b) Importer(815301076,1909f56bfc062723c751e8b465ee728b)  -> (artifact id: '16c2f3dd1cd56fb98a16bf3b3e1f9390') in 0.118146 seconds
  Import took 0.120936 seconds .

========================================================================
Received Prepare
Registering precompiled user dll's ...
Registered in 0.004430 seconds.
Begin MonoManager ReloadAssembly
Native extension for WindowsStandalone target not found
Refreshing native plugins compatible for Editor in 0.25 ms, found 0 plugins.
Preloading 0 native plugins for Editor in 0.00 ms.
Invoked RoslynAnalysisRunner static constructor.
RoslynAnalysisRunner will not be running.
RoslynAnalysisRunner has terminated.
Mono: successfully reloaded assembly
- Completed reload, in  0.918 seconds
Platform modules already initialized, skipping
Refreshing native plugins compatible for Editor in 0.35 ms, found 0 plugins.
Preloading 0 native plugins for Editor in 0.00 ms.
Unloading 1125 Unused Serialized files (Serialized files now loaded: 0)
System memory in use before: 61.1 MB.
System memory in use after: 61.2 MB.

Unloading 12 unused Assets to reduce memory usage. Loaded Objects now: 1615.
Total: 1.679700 ms (FindLiveObjects: 0.145400 ms CreateObjectMapping: 0.034700 ms MarkObjects: 1.440100 ms  DeleteObjects: 0.058500 ms)

========================================================================
Received Prepare
Registering precompiled user dll's ...
Registered in 0.004424 seconds.
Begin MonoManager ReloadAssembly
Native extension for WindowsStandalone target not found
Refreshing native plugins compatible for Editor in 0.36 ms, found 0 plugins.
Preloading 0 native plugins for Editor in 0.00 ms.
Invoked RoslynAnalysisRunner static constructor.
RoslynAnalysisRunner will not be running.
RoslynAnalysisRunner has terminated.
Mono: successfully reloaded assembly
- Completed reload, in  0.903 seconds
Platform modules already initialized, skipping
Refreshing native plugins compatible for Editor in 0.30 ms, found 0 plugins.
Preloading 0 native plugins for Editor in 0.00 ms.
Unloading 1125 Unused Serialized files (Serialized files now loaded: 0)
System memory in use before: 61.2 MB.
System memory in use after: 61.2 MB.

Unloading 12 unused Assets to reduce memory usage. Loaded Objects now: 1617.
Total: 2.398900 ms (FindLiveObjects: 0.242400 ms CreateObjectMapping: 0.067600 ms MarkObjects: 2.021800 ms  DeleteObjects: 0.065900 ms)

========================================================================
Received Prepare
Registering precompiled user dll's ...
Registered in 0.003931 seconds.
Begin MonoManager ReloadAssembly
Native extension for WindowsStandalone target not found
Refreshing native plugins compatible for Editor in 0.25 ms, found 0 plugins.
Preloading 0 native plugins for Editor in 0.00 ms.
Invoked RoslynAnalysisRunner static constructor.
RoslynAnalysisRunner will not be running.
RoslynAnalysisRunner has terminated.
Mono: successfully reloaded assembly
- Completed reload, in  0.896 seconds
Platform modules already initialized, skipping
Refreshing native plugins compatible for Editor in 0.27 ms, found 0 plugins.
Preloading 0 native plugins for Editor in 0.00 ms.
Unloading 1125 Unused Serialized files (Serialized files now loaded: 0)
System memory in use before: 61.2 MB.
System memory in use after: 61.2 MB.

Unloading 12 unused Assets to reduce memory usage. Loaded Objects now: 1619.
Total: 1.532100 ms (FindLiveObjects: 0.165600 ms CreateObjectMapping: 0.034300 ms MarkObjects: 1.259500 ms  DeleteObjects: 0.071500 ms)

========================================================================
Received Import Request.
  Time since last request: 1011.072175 seconds.
  path: Assets/Challenge 4/Scripts/SpawnManagerX.cs
  artifactKey: Guid(448928cc965a748ab8998f99ee84d3a7) Importer(815301076,1909f56bfc062723c751e8b465ee728b)
Start importing Assets/Challenge 4/Scripts/SpawnManagerX.cs using Guid(448928cc965a748ab8998f99ee84d3a7) Importer(815301076,1909f56bfc062723c751e8b465ee728b)  -> (artifact id: 'bf492b6fabad406c96b1dd09b4425721') in 0.007790 seconds
  Import took 0.010428 seconds .

========================================================================
Received Import Request.
  Time since last request: 0.000956 seconds.
  path: Assets/Challenge 4/Scripts/SpawnManagerX.cs
  artifactKey: Guid(448928cc965a748ab8998f99ee84d3a7) Importer(815301076,1909f56bfc062723c751e8b465ee728b)
Start importing Assets/Challenge 4/Scripts/SpawnManagerX.cs using Guid(448928cc965a748ab8998f99ee84d3a7) Importer(815301076,1909f56bfc062723c751e8b465ee728b)  -> (artifact id: 'bf492b6fabad406c96b1dd09b4425721') in 0.005214 seconds
  Import took 0.007386 seconds .

========================================================================
Received Prepare
Registering precompiled user dll's ...
Registered in 0.004172 seconds.
Begin MonoManager ReloadAssembly
Native extension for WindowsStandalone target not found
Refreshing native plugins compatible for Editor in 0.32 ms, found 0 plugins.
Preloading 0 native plugins for Editor in 0.00 ms.
Invoked RoslynAnalysisRunner static constructor.
RoslynAnalysisRunner will not be running.
RoslynAnalysisRunner has terminated.
Mono: successfully reloaded assembly
- Completed reload, in  0.932 seconds
Platform modules already initialized, skipping
Refreshing native plugins compatible for Editor in 0.26 ms, found 0 plugins.
Preloading 0 native plugins for Editor in 0.00 ms.
Unloading 1125 Unused Serialized files (Serialized files now loaded: 0)
System memory in use before: 61.2 MB.
System memory in use after: 61.3 MB.

Unloading 12 unused Assets to reduce memory usage. Loaded Objects now: 1621.
Total: 2.041100 ms (FindLiveObjects: 0.151100 ms CreateObjectMapping: 0.073100 ms MarkObjects: 1.766500 ms  DeleteObjects: 0.049100 ms)

========================================================================
Received Import Request.
  Time since last request: 199.804216 seconds.
  path: Assets/Challenge 4/Scripts/SpawnManagerX.cs
  artifactKey: Guid(448928cc965a748ab8998f99ee84d3a7) Importer(815301076,1909f56bfc062723c751e8b465ee728b)
Start importing Assets/Challenge 4/Scripts/SpawnManagerX.cs using Guid(448928cc965a748ab8998f99ee84d3a7) Importer(815301076,1909f56bfc062723c751e8b465ee728b)  -> (artifact id: 'd460f39e69de86c7220b59220b921b61') in 0.007718 seconds
  Import took 0.010264 seconds .

========================================================================
Received Prepare
Registering precompiled user dll's ...
Registered in 0.006271 seconds.
Begin MonoManager ReloadAssembly
Native extension for WindowsStandalone target not found
Refreshing native plugins compatible for Editor in 0.33 ms, found 0 plugins.
Preloading 0 native plugins for Editor in 0.00 ms.
Invoked RoslynAnalysisRunner static constructor.
RoslynAnalysisRunner will not be running.
RoslynAnalysisRunner has terminated.
Mono: successfully reloaded assembly
- Completed reload, in  0.918 seconds
Platform modules already initialized, skipping
Refreshing native plugins compatible for Editor in 0.26 ms, found 0 plugins.
Preloading 0 native plugins for Editor in 0.00 ms.
Unloading 1125 Unused Serialized files (Serialized files now loaded: 0)
System memory in use before: 61.2 MB.
System memory in use after: 61.3 MB.

Unloading 12 unused Assets to reduce memory usage. Loaded Objects now: 1623.
Total: 1.655400 ms (FindLiveObjects: 0.119900 ms CreateObjectMapping: 0.033100 ms MarkObjects: 1.428700 ms  DeleteObjects: 0.059700 ms)

========================================================================
Received Prepare
Registering precompiled user dll's ...
Registered in 0.005235 seconds.
Begin MonoManager ReloadAssembly
Native extension for WindowsStandalone target not found
Refreshing native plugins compatible for Editor in 0.26 ms, found 0 plugins.
Preloading 0 native plugins for Editor in 0.00 ms.
Invoked RoslynAnalysisRunner static constructor.
RoslynAnalysisRunner will not be running.
RoslynAnalysisRunner has terminated.
Mono: successfully reloaded assembly
- Completed reload, in  0.896 seconds
Platform modules already initialized, skipping
Refreshing native plugins compatible for Editor in 0.27 ms, found 0 plugins.
Preloading 0 native plugins for Editor in 0.00 ms.
Unloading 1125 Unused Serialized files (Serialized files now loaded: 0)
System memory in use before: 61.2 MB.
System memory in use after: 61.3 MB.

Unloading 12 unused Assets to reduce memory usage. Loaded Objects now: 1625.
Total: 1.656200 ms (FindLiveObjects: 0.178000 ms CreateObjectMapping: 0.050300 ms MarkObjects: 1.346500 ms  DeleteObjects: 0.080600 ms)

========================================================================
Received Prepare
Registering precompiled user dll's ...
Registered in 0.004745 seconds.
Begin MonoManager ReloadAssembly
Native extension for WindowsStandalone target not found
Refreshing native plugins compatible for Editor in 0.48 ms, found 0 plugins.
Preloading 0 native plugins for Editor in 0.00 ms.
Invoked RoslynAnalysisRunner static constructor.
RoslynAnalysisRunner will not be running.
RoslynAnalysisRunner has terminated.
Mono: successfully reloaded assembly
- Completed reload, in  0.912 seconds
Platform modules already initialized, skipping
Refreshing native plugins compatible for Editor in 0.26 ms, found 0 plugins.
Preloading 0 native plugins for Editor in 0.00 ms.
Unloading 1125 Unused Serialized files (Serialized files now loaded: 0)
System memory in use before: 61.2 MB.
System memory in use after: 61.3 MB.

Unloading 12 unused Assets to reduce memory usage. Loaded Objects now: 1627.
Total: 1.881600 ms (FindLiveObjects: 0.206700 ms CreateObjectMapping: 0.034900 ms MarkObjects: 1.572900 ms  DeleteObjects: 0.065700 ms)

AssetImportWorkerClient::OnTransportError - code=2 error=End of file
