Using pre-set license
Built from '2020.2/release' branch; Version is '2020.2.2f1 (068178b99f32) revision 426360'; Using compiler version '192528614'; Build Type 'Release'
OS: 'Windows 10 Home; OS build 18363.1316; Version 1909; 64bit' Language: 'es' Physical Memory: 16323 MB
BatchMode: 1, IsHumanControllingUs: 0, StartBugReporterOnCrash: 0, Is64bit: 1, IsPro: 0

 COMMAND LINE ARGUMENTS:
G:\Unity_Editors\2020.2.2f1\Editor\Unity.exe
-adb2
-batchMode
-noUpm
-name
AssetImportWorker0
-projectPath
G:/Unity_Projects/02_Wildlife
-logFile
Logs/AssetImportWorker0.log
-srvPort
58117
Successfully changed project path to: G:/Unity_Projects/02_Wildlife
G:/Unity_Projects/02_Wildlife
Using Asset Import Pipeline V2.
Refreshing native plugins compatible for Editor in 31.62 ms, found 0 plugins.
Preloading 0 native plugins for Editor in 0.00 ms.
Initialize engine version: 2020.2.2f1 (068178b99f32)
[Subsystems] Discovering subsystems at path G:/Unity_Editors/2020.2.2f1/Editor/Data/Resources/UnitySubsystems
[Subsystems] Discovering subsystems at path G:/Unity_Projects/02_Wildlife/Assets
GfxDevice: creating device client; threaded=0
Direct3D:
    Version:  Direct3D 11.0 [level 11.1]
    Renderer: NVIDIA GeForce GTX 1070 (ID=0x1be1)
    Vendor:   
    VRAM:     8081 MB
    Driver:   27.21.14.6109
Initialize mono
Mono path[0] = 'G:/Unity_Editors/2020.2.2f1/Editor/Data/Managed'
Mono path[1] = 'G:/Unity_Editors/2020.2.2f1/Editor/Data/MonoBleedingEdge/lib/mono/unityjit'
Mono config path = 'G:/Unity_Editors/2020.2.2f1/Editor/Data/MonoBleedingEdge/etc'
Using monoOptions --debugger-agent=transport=dt_socket,embedding=1,server=y,suspend=n,address=127.0.0.1:56916
Begin MonoManager ReloadAssembly
Registering precompiled unity dll's ...
Register platform support module: G:/Unity_Editors/2020.2.2f1/Editor/Data/PlaybackEngines/WebGLSupport/UnityEditor.WebGL.Extensions.dll
Register platform support module: G:/Unity_Editors/2020.2.2f1/Editor/Data/PlaybackEngines/MacStandaloneSupport/UnityEditor.OSXStandalone.Extensions.dll
Register platform support module: G:/Unity_Editors/2020.2.2f1/Editor/Data/PlaybackEngines/WindowsStandaloneSupport/UnityEditor.WindowsStandalone.Extensions.dll
Registered in 0.006089 seconds.
Native extension for WindowsStandalone target not found
Native extension for OSXStandalone target not found
Native extension for WebGL target not found
Refreshing native plugins compatible for Editor in 31.68 ms, found 0 plugins.
Preloading 0 native plugins for Editor in 0.00 ms.
Invoked RoslynAnalysisRunner static constructor.
RoslynAnalysisRunner will not be running.
RoslynAnalysisRunner has terminated.
Mono: successfully reloaded assembly
- Completed reload, in  5.200 seconds
Platform modules already initialized, skipping
Registering precompiled user dll's ...
Registered in 0.005666 seconds.
Begin MonoManager ReloadAssembly
Native extension for WindowsStandalone target not found
Native extension for OSXStandalone target not found
Native extension for WebGL target not found
Refreshing native plugins compatible for Editor in 0.28 ms, found 0 plugins.
Preloading 0 native plugins for Editor in 0.00 ms.
Invoked RoslynAnalysisRunner static constructor.
RoslynAnalysisRunner will not be running.
RoslynAnalysisRunner has terminated.
Mono: successfully reloaded assembly
- Completed reload, in  0.976 seconds
Platform modules already initialized, skipping
========================================================================
Worker process is ready to serve import requests
Launched and connected shader compiler UnityShaderCompiler.exe after 0.06 seconds
Refreshing native plugins compatible for Editor in 0.30 ms, found 0 plugins.
Preloading 0 native plugins for Editor in 0.00 ms.
Unloading 1120 Unused Serialized files (Serialized files now loaded: 0)
System memory in use before: 57.9 MB.
System memory in use after: 58.0 MB.

Unloading 16 unused Assets to reduce memory usage. Loaded Objects now: 1559.
Total: 1.854400 ms (FindLiveObjects: 0.132200 ms CreateObjectMapping: 0.047600 ms MarkObjects: 1.561400 ms  DeleteObjects: 0.112100 ms)

========================================================================
Received Import Request.
  path: Assets/Prefabs/Projectiles/Sandwich.prefab
  artifactKey: Guid(3213364db92385c40b61bd0499345dff) Importer(815301076,1909f56bfc062723c751e8b465ee728b)
Start importing Assets/Prefabs/Projectiles/Sandwich.prefab using Guid(3213364db92385c40b61bd0499345dff) Importer(815301076,1909f56bfc062723c751e8b465ee728b)  -> (artifact id: 'f61ee517a54e56cb80de56987d90a688') in 0.136995 seconds
  Import took 0.139385 seconds .

========================================================================
Received Import Request.
  Time since last request: 0.000343 seconds.
  path: Assets/Prefabs/Projectiles/Bone.prefab
  artifactKey: Guid(df0c6f943960ed043900c5de81cbc909) Importer(815301076,1909f56bfc062723c751e8b465ee728b)
Start importing Assets/Prefabs/Projectiles/Bone.prefab using Guid(df0c6f943960ed043900c5de81cbc909) Importer(815301076,1909f56bfc062723c751e8b465ee728b)  -> (artifact id: '15718b1d40da3a943867c8ed7c4a5c93') in 0.018640 seconds
  Import took 0.021889 seconds .

========================================================================
Received Import Request.
  Time since last request: 0.000291 seconds.
  path: Assets/Prefabs/Projectiles/Bottle.prefab
  artifactKey: Guid(e0d6114c04f0e134ea58d409a742f589) Importer(815301076,1909f56bfc062723c751e8b465ee728b)
Start importing Assets/Prefabs/Projectiles/Bottle.prefab using Guid(e0d6114c04f0e134ea58d409a742f589) Importer(815301076,1909f56bfc062723c751e8b465ee728b)  -> (artifact id: 'd52510014c013ac046a4c5de670d15a0') in 0.014647 seconds
  Import took 0.016811 seconds .

========================================================================
Received Import Request.
  Time since last request: 0.000198 seconds.
  path: Assets/Prefabs/Projectiles/Cookie.prefab
  artifactKey: Guid(3a2d9528a9424f24ca032e0bde4a388e) Importer(815301076,1909f56bfc062723c751e8b465ee728b)
Start importing Assets/Prefabs/Projectiles/Cookie.prefab using Guid(3a2d9528a9424f24ca032e0bde4a388e) Importer(815301076,1909f56bfc062723c751e8b465ee728b)  -> (artifact id: '997ff20bb20af2e7c215576747fa7b31') in 0.014146 seconds
  Import took 0.016184 seconds .

========================================================================
Received Import Request.
  Time since last request: 6.686216 seconds.
  path: Assets/Prefabs/Projectiles/Sandwich.prefab
  artifactKey: Guid(3213364db92385c40b61bd0499345dff) Importer(815301076,1909f56bfc062723c751e8b465ee728b)
Start importing Assets/Prefabs/Projectiles/Sandwich.prefab using Guid(3213364db92385c40b61bd0499345dff) Importer(815301076,1909f56bfc062723c751e8b465ee728b)  -> (artifact id: 'ea9e2d24066990ea855b1ef4f28963ee') in 0.022524 seconds
  Import took 0.024904 seconds .

========================================================================
Received Import Request.
  Time since last request: 2.815235 seconds.
  path: Assets/Prefabs/Projectiles/Sandwich.prefab
  artifactKey: Guid(3213364db92385c40b61bd0499345dff) Importer(815301076,1909f56bfc062723c751e8b465ee728b)
Start importing Assets/Prefabs/Projectiles/Sandwich.prefab using Guid(3213364db92385c40b61bd0499345dff) Importer(815301076,1909f56bfc062723c751e8b465ee728b)  -> (artifact id: '24d84818b849525e4fd5a251353b326c') in 0.018404 seconds
  Import took 0.021037 seconds .

========================================================================
Received Import Request.
  Time since last request: 3.218091 seconds.
  path: Assets/Prefabs/Projectiles/Bone.prefab
  artifactKey: Guid(df0c6f943960ed043900c5de81cbc909) Importer(815301076,1909f56bfc062723c751e8b465ee728b)
Start importing Assets/Prefabs/Projectiles/Bone.prefab using Guid(df0c6f943960ed043900c5de81cbc909) Importer(815301076,1909f56bfc062723c751e8b465ee728b)  -> (artifact id: '009ee35bfce606307a530693777cea38') in 0.017571 seconds
  Import took 0.020212 seconds .

========================================================================
Received Import Request.
  Time since last request: 0.000327 seconds.
  path: Assets/Prefabs/Projectiles/Sandwich.prefab
  artifactKey: Guid(3213364db92385c40b61bd0499345dff) Importer(815301076,1909f56bfc062723c751e8b465ee728b)
Start importing Assets/Prefabs/Projectiles/Sandwich.prefab using Guid(3213364db92385c40b61bd0499345dff) Importer(815301076,1909f56bfc062723c751e8b465ee728b)  -> (artifact id: '54f92f85d99f3447de414971bda8cc2d') in 0.017772 seconds
  Import took 0.019854 seconds .

========================================================================
Received Import Request.
  Time since last request: 0.000317 seconds.
  path: Assets/Prefabs/Projectiles/Bottle.prefab
  artifactKey: Guid(e0d6114c04f0e134ea58d409a742f589) Importer(815301076,1909f56bfc062723c751e8b465ee728b)
Start importing Assets/Prefabs/Projectiles/Bottle.prefab using Guid(e0d6114c04f0e134ea58d409a742f589) Importer(815301076,1909f56bfc062723c751e8b465ee728b)  -> (artifact id: '4d4c07658d3392fa0a0af3e98e3c3fc8') in 0.016488 seconds
  Import took 0.019278 seconds .

========================================================================
Received Import Request.
  Time since last request: 3.738211 seconds.
  path: Assets/Prefabs/Projectiles/Sandwich.prefab
  artifactKey: Guid(3213364db92385c40b61bd0499345dff) Importer(815301076,1909f56bfc062723c751e8b465ee728b)
Start importing Assets/Prefabs/Projectiles/Sandwich.prefab using Guid(3213364db92385c40b61bd0499345dff) Importer(815301076,1909f56bfc062723c751e8b465ee728b)  -> (artifact id: '2eff1c5f02d94102f232004e071efae4') in 0.018488 seconds
  Import took 0.021160 seconds .

========================================================================
Received Import Request.
  Time since last request: 5.946226 seconds.
  path: Assets/Prefabs/Projectiles/Bone.prefab
  artifactKey: Guid(df0c6f943960ed043900c5de81cbc909) Importer(815301076,1909f56bfc062723c751e8b465ee728b)
Start importing Assets/Prefabs/Projectiles/Bone.prefab using Guid(df0c6f943960ed043900c5de81cbc909) Importer(815301076,1909f56bfc062723c751e8b465ee728b)  -> (artifact id: '37f938a7a3f266b43c9c49173580afa3') in 0.016399 seconds
  Import took 0.019289 seconds .

========================================================================
Received Import Request.
  Time since last request: 0.000281 seconds.
  path: Assets/Prefabs/Projectiles/Sandwich.prefab
  artifactKey: Guid(3213364db92385c40b61bd0499345dff) Importer(815301076,1909f56bfc062723c751e8b465ee728b)
Start importing Assets/Prefabs/Projectiles/Sandwich.prefab using Guid(3213364db92385c40b61bd0499345dff) Importer(815301076,1909f56bfc062723c751e8b465ee728b)  -> (artifact id: 'f7d60dfe11532885c1c53201a41eb28e') in 0.016871 seconds
  Import took 0.020222 seconds .

========================================================================
Received Import Request.
  Time since last request: 0.000233 seconds.
  path: Assets/Prefabs/Projectiles/Bottle.prefab
  artifactKey: Guid(e0d6114c04f0e134ea58d409a742f589) Importer(815301076,1909f56bfc062723c751e8b465ee728b)
Start importing Assets/Prefabs/Projectiles/Bottle.prefab using Guid(e0d6114c04f0e134ea58d409a742f589) Importer(815301076,1909f56bfc062723c751e8b465ee728b)  -> (artifact id: '97c7377d53613918a8b035c7ddae5f04') in 0.015416 seconds
  Import took 0.017692 seconds .

========================================================================
Received Import Request.
  Time since last request: 0.000248 seconds.
  path: Assets/Prefabs/Projectiles/Cookie.prefab
  artifactKey: Guid(3a2d9528a9424f24ca032e0bde4a388e) Importer(815301076,1909f56bfc062723c751e8b465ee728b)
Start importing Assets/Prefabs/Projectiles/Cookie.prefab using Guid(3a2d9528a9424f24ca032e0bde4a388e) Importer(815301076,1909f56bfc062723c751e8b465ee728b)  -> (artifact id: '78b30f04978c274ae7b96b03b3fb8d19') in 0.014426 seconds
  Import took 0.016466 seconds .

========================================================================
Received Import Request.
  Time since last request: 7.029681 seconds.
  path: Assets/Prefabs/Projectiles/Sandwich.prefab
  artifactKey: Guid(3213364db92385c40b61bd0499345dff) Importer(815301076,1909f56bfc062723c751e8b465ee728b)
Start importing Assets/Prefabs/Projectiles/Sandwich.prefab using Guid(3213364db92385c40b61bd0499345dff) Importer(815301076,1909f56bfc062723c751e8b465ee728b)  -> (artifact id: '6411b9b0f069bae75d3cb24125271cac') in 0.015832 seconds
  Import took 0.018315 seconds .

========================================================================
Received Import Request.
  Time since last request: 46.423845 seconds.
  path: ProjectSettings/TagManager.asset
  artifactKey: Guid(00000000000000003000000000000000) Importer(815301076,1909f56bfc062723c751e8b465ee728b)
Start importing ProjectSettings/TagManager.asset using Guid(00000000000000003000000000000000) Importer(815301076,1909f56bfc062723c751e8b465ee728b)  -> (artifact id: 'c7310ec41ff9f9df55506adbb33ef1a0') in 0.008439 seconds
  Import took 0.010787 seconds .

========================================================================
Received Import Request.
  Time since last request: 0.001035 seconds.
  path: ProjectSettings/TagManager.asset
  artifactKey: Guid(00000000000000003000000000000000) Importer(815301076,1909f56bfc062723c751e8b465ee728b)
Start importing ProjectSettings/TagManager.asset using Guid(00000000000000003000000000000000) Importer(815301076,1909f56bfc062723c751e8b465ee728b)  -> (artifact id: 'c7310ec41ff9f9df55506adbb33ef1a0') in 0.005987 seconds
  Import took 0.008023 seconds .

========================================================================
Received Import Request.
  Time since last request: 13.295364 seconds.
  path: Assets/Prefabs/Animals/Animal_Chicken_White 1.prefab
  artifactKey: Guid(a9e7a944935734a44a9bc9c39c910e37) Importer(815301076,1909f56bfc062723c751e8b465ee728b)
Start importing Assets/Prefabs/Animals/Animal_Chicken_White 1.prefab using Guid(a9e7a944935734a44a9bc9c39c910e37) Importer(815301076,1909f56bfc062723c751e8b465ee728b)  -> (artifact id: 'bd3f3b44b472408e04d7f45405979e7b') in 0.040442 seconds
  Import took 0.042951 seconds .

========================================================================
Received Import Request.
  Time since last request: 0.000382 seconds.
  path: Assets/Prefabs/Animals/Animal_Cow_White 1.prefab
  artifactKey: Guid(14c86e95c860a164fb70354a06ac9eb6) Importer(815301076,1909f56bfc062723c751e8b465ee728b)
Start importing Assets/Prefabs/Animals/Animal_Cow_White 1.prefab using Guid(14c86e95c860a164fb70354a06ac9eb6) Importer(815301076,1909f56bfc062723c751e8b465ee728b)  -> (artifact id: 'd626d33c860f91d3f45a9b033f475f9f') in 0.026452 seconds
  Import took 0.028777 seconds .

========================================================================
Received Import Request.
  Time since last request: 0.000285 seconds.
  path: Assets/Prefabs/Animals/Animal_Horse_Black 1.prefab
  artifactKey: Guid(cd7cd23007159ea4cb3ea2afafb462fa) Importer(815301076,1909f56bfc062723c751e8b465ee728b)
Start importing Assets/Prefabs/Animals/Animal_Horse_Black 1.prefab using Guid(cd7cd23007159ea4cb3ea2afafb462fa) Importer(815301076,1909f56bfc062723c751e8b465ee728b)  -> (artifact id: '399e054a986f1908298d8f1f13eff809') in 0.023675 seconds
  Import took 0.025986 seconds .

========================================================================
Received Import Request.
  Time since last request: 0.000367 seconds.
  path: Assets/Prefabs/Animals/Animal_Fox_01 1.prefab
  artifactKey: Guid(7b44bd245f373e044ad2e817aee3b388) Importer(815301076,1909f56bfc062723c751e8b465ee728b)
Start importing Assets/Prefabs/Animals/Animal_Fox_01 1.prefab using Guid(7b44bd245f373e044ad2e817aee3b388) Importer(815301076,1909f56bfc062723c751e8b465ee728b)  -> (artifact id: '1f7cf82d4f39d848dd1e8b39445f01f5') in 0.029298 seconds
  Import took 0.031730 seconds .

========================================================================
Received Import Request.
  Time since last request: 0.000232 seconds.
  path: Assets/Prefabs/Animals/Dog_BorderCollie_01 1.prefab
  artifactKey: Guid(a03824b320594834ebfd9a64921d1c04) Importer(815301076,1909f56bfc062723c751e8b465ee728b)
Start importing Assets/Prefabs/Animals/Dog_BorderCollie_01 1.prefab using Guid(a03824b320594834ebfd9a64921d1c04) Importer(815301076,1909f56bfc062723c751e8b465ee728b)  -> (artifact id: '467a99386d3716c512718c92754b9fe5') in 0.059752 seconds
  Import took 0.063275 seconds .

========================================================================
Received Import Request.
  Time since last request: 0.000291 seconds.
  path: Assets/Prefabs/Animals/Dog_Beagle_01 1.prefab
  artifactKey: Guid(01e2a5174c4d3dc45ab017e525a529dd) Importer(815301076,1909f56bfc062723c751e8b465ee728b)
Start importing Assets/Prefabs/Animals/Dog_Beagle_01 1.prefab using Guid(01e2a5174c4d3dc45ab017e525a529dd) Importer(815301076,1909f56bfc062723c751e8b465ee728b)  -> (artifact id: 'c567fecbd7b252a1245e10e4d3f26700') in 0.056478 seconds
  Import took 0.059841 seconds .

========================================================================
Received Import Request.
  Time since last request: 4.376655 seconds.
  path: ProjectSettings/TagManager.asset
  artifactKey: Guid(00000000000000003000000000000000) Importer(815301076,1909f56bfc062723c751e8b465ee728b)
Start importing ProjectSettings/TagManager.asset using Guid(00000000000000003000000000000000) Importer(815301076,1909f56bfc062723c751e8b465ee728b)  -> (artifact id: '3756d06a277a594ca0316adf2b476b7e') in 0.006975 seconds
  Import took 0.009374 seconds .

========================================================================
Received Import Request.
  Time since last request: 0.006937 seconds.
  path: ProjectSettings/TagManager.asset
  artifactKey: Guid(00000000000000003000000000000000) Importer(815301076,1909f56bfc062723c751e8b465ee728b)
Start importing ProjectSettings/TagManager.asset using Guid(00000000000000003000000000000000) Importer(815301076,1909f56bfc062723c751e8b465ee728b)  -> (artifact id: '3756d06a277a594ca0316adf2b476b7e') in 0.006143 seconds
  Import took 0.008133 seconds .

========================================================================
Received Import Request.
  Time since last request: 39.769637 seconds.
  path: Assets/Prefabs/Animals/Animal_Chicken_White.prefab
  artifactKey: Guid(91b3feb1499f7eb4c88f706701d2a9ea) Importer(815301076,1909f56bfc062723c751e8b465ee728b)
Start importing Assets/Prefabs/Animals/Animal_Chicken_White.prefab using Guid(91b3feb1499f7eb4c88f706701d2a9ea) Importer(815301076,1909f56bfc062723c751e8b465ee728b)  -> (artifact id: 'bebb83aa9a87b4043106b36cbe12d5aa') in 0.022196 seconds
  Import took 0.025436 seconds .

========================================================================
Received Import Request.
  Time since last request: 0.000307 seconds.
  path: Assets/Prefabs/Animals/Animal_Horse_Black.prefab
  artifactKey: Guid(cf3d7b097d5970643a70f114eafebc9a) Importer(815301076,1909f56bfc062723c751e8b465ee728b)
Start importing Assets/Prefabs/Animals/Animal_Horse_Black.prefab using Guid(cf3d7b097d5970643a70f114eafebc9a) Importer(815301076,1909f56bfc062723c751e8b465ee728b)  -> (artifact id: 'afd229a0fdb60878038d42246fb39587') in 0.026805 seconds
  Import took 0.029762 seconds .

========================================================================
Received Import Request.
  Time since last request: 0.000259 seconds.
  path: Assets/Prefabs/Animals/Animal_Fox_01.prefab
  artifactKey: Guid(8405248a13562154fa2d9a4d7e6e7833) Importer(815301076,1909f56bfc062723c751e8b465ee728b)
Start importing Assets/Prefabs/Animals/Animal_Fox_01.prefab using Guid(8405248a13562154fa2d9a4d7e6e7833) Importer(815301076,1909f56bfc062723c751e8b465ee728b)  -> (artifact id: '26ad5b5526817d78161777f8723f9f55') in 0.021905 seconds
  Import took 0.024981 seconds .

========================================================================
Received Import Request.
  Time since last request: 0.000312 seconds.
  path: Assets/Prefabs/Animals/Dog_BorderCollie_01.prefab
  artifactKey: Guid(2de6d02900855ce4781fcfc8214a58b1) Importer(815301076,1909f56bfc062723c751e8b465ee728b)
Start importing Assets/Prefabs/Animals/Dog_BorderCollie_01.prefab using Guid(2de6d02900855ce4781fcfc8214a58b1) Importer(815301076,1909f56bfc062723c751e8b465ee728b)  -> (artifact id: '38dd849fffcb77e089db5ad0347c7cd1') in 0.052976 seconds
  Import took 0.057017 seconds .

========================================================================
Received Import Request.
  Time since last request: 0.000307 seconds.
  path: Assets/Prefabs/Animals/Dog_Beagle_01.prefab
  artifactKey: Guid(a944328aa55911c48a5b3060c0b025bd) Importer(815301076,1909f56bfc062723c751e8b465ee728b)
Start importing Assets/Prefabs/Animals/Dog_Beagle_01.prefab using Guid(a944328aa55911c48a5b3060c0b025bd) Importer(815301076,1909f56bfc062723c751e8b465ee728b)  -> (artifact id: 'bf0169f30d94914a4cfdb1c96f40897c') in 0.049938 seconds
  Import took 0.053480 seconds .

========================================================================
Received Import Request.
  Time since last request: 0.000264 seconds.
  path: Assets/Prefabs/Animals/Animal_Cow_White.prefab
  artifactKey: Guid(93aa44cce90cd7942b5960b7bd042af0) Importer(815301076,1909f56bfc062723c751e8b465ee728b)
Start importing Assets/Prefabs/Animals/Animal_Cow_White.prefab using Guid(93aa44cce90cd7942b5960b7bd042af0) Importer(815301076,1909f56bfc062723c751e8b465ee728b)  -> (artifact id: '84f7a2765f1c726e259c8749f389a832') in 0.024070 seconds
  Import took 0.026657 seconds .

========================================================================
Received Prepare
Registering precompiled user dll's ...
Registered in 0.004260 seconds.
Begin MonoManager ReloadAssembly
Native extension for WindowsStandalone target not found
Native extension for OSXStandalone target not found
Native extension for WebGL target not found
Refreshing native plugins compatible for Editor in 0.26 ms, found 0 plugins.
Preloading 0 native plugins for Editor in 0.00 ms.
Invoked RoslynAnalysisRunner static constructor.
RoslynAnalysisRunner will not be running.
RoslynAnalysisRunner has terminated.
Mono: successfully reloaded assembly
- Completed reload, in  0.964 seconds
Platform modules already initialized, skipping
Refreshing native plugins compatible for Editor in 0.29 ms, found 0 plugins.
Preloading 0 native plugins for Editor in 0.00 ms.
Unloading 1114 Unused Serialized files (Serialized files now loaded: 0)
System memory in use before: 72.5 MB.
System memory in use after: 72.6 MB.

Unloading 16 unused Assets to reduce memory usage. Loaded Objects now: 1569.
Total: 1.821100 ms (FindLiveObjects: 0.144200 ms CreateObjectMapping: 0.029700 ms MarkObjects: 1.555900 ms  DeleteObjects: 0.090200 ms)

========================================================================
Received Prepare
Registering precompiled user dll's ...
Registered in 0.004240 seconds.
Begin MonoManager ReloadAssembly
Native extension for WindowsStandalone target not found
Native extension for OSXStandalone target not found
Native extension for WebGL target not found
Refreshing native plugins compatible for Editor in 0.42 ms, found 0 plugins.
Preloading 0 native plugins for Editor in 0.00 ms.
Invoked RoslynAnalysisRunner static constructor.
RoslynAnalysisRunner will not be running.
RoslynAnalysisRunner has terminated.
Mono: successfully reloaded assembly
- Completed reload, in  0.985 seconds
Platform modules already initialized, skipping
Refreshing native plugins compatible for Editor in 0.35 ms, found 0 plugins.
Preloading 0 native plugins for Editor in 0.00 ms.
Unloading 1114 Unused Serialized files (Serialized files now loaded: 0)
System memory in use before: 72.8 MB.
System memory in use after: 72.9 MB.

Unloading 12 unused Assets to reduce memory usage. Loaded Objects now: 1571.
Total: 2.833600 ms (FindLiveObjects: 0.136800 ms CreateObjectMapping: 0.033800 ms MarkObjects: 2.578300 ms  DeleteObjects: 0.083100 ms)

========================================================================
Received Prepare
Registering precompiled user dll's ...
Registered in 0.006492 seconds.
Begin MonoManager ReloadAssembly
Native extension for WindowsStandalone target not found
Native extension for OSXStandalone target not found
Native extension for WebGL target not found
Refreshing native plugins compatible for Editor in 0.39 ms, found 0 plugins.
Preloading 0 native plugins for Editor in 0.00 ms.
Invoked RoslynAnalysisRunner static constructor.
RoslynAnalysisRunner will not be running.
RoslynAnalysisRunner has terminated.
Mono: successfully reloaded assembly
- Completed reload, in  1.041 seconds
Platform modules already initialized, skipping
Refreshing native plugins compatible for Editor in 0.26 ms, found 0 plugins.
Preloading 0 native plugins for Editor in 0.00 ms.
Unloading 1114 Unused Serialized files (Serialized files now loaded: 0)
System memory in use before: 73.2 MB.
System memory in use after: 73.3 MB.

Unloading 12 unused Assets to reduce memory usage. Loaded Objects now: 1573.
Total: 1.868400 ms (FindLiveObjects: 0.195600 ms CreateObjectMapping: 0.047000 ms MarkObjects: 1.560700 ms  DeleteObjects: 0.064000 ms)

========================================================================
Received Import Request.
  Time since last request: 609.581410 seconds.
  path: Assets/Prefabs/Projectiles/Bone.prefab
  artifactKey: Guid(df0c6f943960ed043900c5de81cbc909) Importer(815301076,1909f56bfc062723c751e8b465ee728b)
Start importing Assets/Prefabs/Projectiles/Bone.prefab using Guid(df0c6f943960ed043900c5de81cbc909) Importer(815301076,1909f56bfc062723c751e8b465ee728b)  -> (artifact id: '346360e75261c5b7ca9858c5663c4245') in 0.076445 seconds
  Import took 0.080109 seconds .

========================================================================
Received Import Request.
  Time since last request: 0.000314 seconds.
  path: Assets/Prefabs/Projectiles/Sandwich.prefab
  artifactKey: Guid(3213364db92385c40b61bd0499345dff) Importer(815301076,1909f56bfc062723c751e8b465ee728b)
Start importing Assets/Prefabs/Projectiles/Sandwich.prefab using Guid(3213364db92385c40b61bd0499345dff) Importer(815301076,1909f56bfc062723c751e8b465ee728b)  -> (artifact id: 'db7337c1b747fbbd054e0c7974798f12') in 0.018635 seconds
  Import took 0.021394 seconds .

========================================================================
Received Import Request.
  Time since last request: 0.000386 seconds.
  path: Assets/Prefabs/Projectiles/Bottle.prefab
  artifactKey: Guid(e0d6114c04f0e134ea58d409a742f589) Importer(815301076,1909f56bfc062723c751e8b465ee728b)
Start importing Assets/Prefabs/Projectiles/Bottle.prefab using Guid(e0d6114c04f0e134ea58d409a742f589) Importer(815301076,1909f56bfc062723c751e8b465ee728b)  -> (artifact id: '1210c0e30297cecbc6fbf08870ee9152') in 0.016130 seconds
  Import took 0.019019 seconds .

========================================================================
Received Import Request.
  Time since last request: 0.000285 seconds.
  path: Assets/Prefabs/Projectiles/Cookie.prefab
  artifactKey: Guid(3a2d9528a9424f24ca032e0bde4a388e) Importer(815301076,1909f56bfc062723c751e8b465ee728b)
Start importing Assets/Prefabs/Projectiles/Cookie.prefab using Guid(3a2d9528a9424f24ca032e0bde4a388e) Importer(815301076,1909f56bfc062723c751e8b465ee728b)  -> (artifact id: '98c2f9a670f49ff665baaae692f74b08') in 0.015735 seconds
  Import took 0.018134 seconds .

========================================================================
Received Prepare
Registering precompiled user dll's ...
Registered in 0.005401 seconds.
Begin MonoManager ReloadAssembly
Native extension for WindowsStandalone target not found
Native extension for OSXStandalone target not found
Native extension for WebGL target not found
Refreshing native plugins compatible for Editor in 0.26 ms, found 0 plugins.
Preloading 0 native plugins for Editor in 0.00 ms.
Invoked RoslynAnalysisRunner static constructor.
RoslynAnalysisRunner will not be running.
RoslynAnalysisRunner has terminated.
Mono: successfully reloaded assembly
- Completed reload, in  1.079 seconds
Platform modules already initialized, skipping
Refreshing native plugins compatible for Editor in 0.28 ms, found 0 plugins.
Preloading 0 native plugins for Editor in 0.00 ms.
Unloading 1114 Unused Serialized files (Serialized files now loaded: 0)
System memory in use before: 73.6 MB.
System memory in use after: 73.7 MB.

Unloading 12 unused Assets to reduce memory usage. Loaded Objects now: 1576.
Total: 1.962100 ms (FindLiveObjects: 0.206400 ms CreateObjectMapping: 0.037600 ms MarkObjects: 1.664800 ms  DeleteObjects: 0.052400 ms)

========================================================================
Received Prepare
Registering precompiled user dll's ...
Registered in 0.004019 seconds.
Begin MonoManager ReloadAssembly
Native extension for WindowsStandalone target not found
Native extension for OSXStandalone target not found
Native extension for WebGL target not found
Refreshing native plugins compatible for Editor in 0.27 ms, found 0 plugins.
Preloading 0 native plugins for Editor in 0.00 ms.
Invoked RoslynAnalysisRunner static constructor.
RoslynAnalysisRunner will not be running.
RoslynAnalysisRunner has terminated.
Mono: successfully reloaded assembly
- Completed reload, in  0.966 seconds
Platform modules already initialized, skipping
Refreshing native plugins compatible for Editor in 0.27 ms, found 0 plugins.
Preloading 0 native plugins for Editor in 0.00 ms.
Unloading 1119 Unused Serialized files (Serialized files now loaded: 0)
System memory in use before: 73.9 MB.
System memory in use after: 74.0 MB.

Unloading 12 unused Assets to reduce memory usage. Loaded Objects now: 1583.
Total: 1.902800 ms (FindLiveObjects: 0.184500 ms CreateObjectMapping: 0.037600 ms MarkObjects: 1.621400 ms  DeleteObjects: 0.057800 ms)

========================================================================
Received Import Request.
  Time since last request: 803.322119 seconds.
  path: Assets/Challenge 2/Instructions/Challenge 2 - Outcome.mov
  artifactKey: Guid(2d5fd266068a84811a424507d1d9a65e) Importer(815301076,1909f56bfc062723c751e8b465ee728b)
Start importing Assets/Challenge 2/Instructions/Challenge 2 - Outcome.mov using Guid(2d5fd266068a84811a424507d1d9a65e) Importer(815301076,1909f56bfc062723c751e8b465ee728b)  -> (artifact id: '5250b1592a88d1c26ae01ba9e6b40607') in 0.061043 seconds
  Import took 0.063548 seconds .

========================================================================
Received Import Request.
  Time since last request: 4.254487 seconds.
  path: Assets/Challenge 2/Prefabs/Ball 1.prefab
  artifactKey: Guid(1d143480adadf43389395930eee2b5cf) Importer(815301076,1909f56bfc062723c751e8b465ee728b)
Start importing Assets/Challenge 2/Prefabs/Ball 1.prefab using Guid(1d143480adadf43389395930eee2b5cf) Importer(815301076,1909f56bfc062723c751e8b465ee728b)  -> (artifact id: 'b795734cb30a3470196d49c8845c5a5b') in 0.053011 seconds
  Import took 0.055630 seconds .

========================================================================
Received Import Request.
  Time since last request: 0.000305 seconds.
  path: Assets/Challenge 2/Prefabs/Dog.prefab
  artifactKey: Guid(3e5fe95e580114a5f8f8348678e77463) Importer(815301076,1909f56bfc062723c751e8b465ee728b)
Start importing Assets/Challenge 2/Prefabs/Dog.prefab using Guid(3e5fe95e580114a5f8f8348678e77463) Importer(815301076,1909f56bfc062723c751e8b465ee728b)  -> (artifact id: '3807461311d037a3531831e19c182260') in 0.062760 seconds
  Import took 0.066517 seconds .

========================================================================
Received Import Request.
  Time since last request: 0.000317 seconds.
  path: Assets/Challenge 2/Prefabs/Ball 3.prefab
  artifactKey: Guid(fc41e6839a5494e0cbaea5f0081c271d) Importer(815301076,1909f56bfc062723c751e8b465ee728b)
Start importing Assets/Challenge 2/Prefabs/Ball 3.prefab using Guid(fc41e6839a5494e0cbaea5f0081c271d) Importer(815301076,1909f56bfc062723c751e8b465ee728b)  -> (artifact id: 'abbf32971de0c6dbc44c022af4dcaa9d') in 0.018879 seconds
  Import took 0.020890 seconds .

========================================================================
Received Import Request.
  Time since last request: 0.000329 seconds.
  path: Assets/Challenge 2/Prefabs/Ball 2.prefab
  artifactKey: Guid(a325bcb65fd94414191d0ddc2514e2dc) Importer(815301076,1909f56bfc062723c751e8b465ee728b)
Start importing Assets/Challenge 2/Prefabs/Ball 2.prefab using Guid(a325bcb65fd94414191d0ddc2514e2dc) Importer(815301076,1909f56bfc062723c751e8b465ee728b)  -> (artifact id: '16e9eceeb44cb862868c401b6a88776d') in 0.020012 seconds
  Import took 0.022687 seconds .

========================================================================
Received Import Request.
  Time since last request: 9.343317 seconds.
  path: Assets/Challenge 2/Challenge 2.unity
  artifactKey: Guid(f695fe0c51d8449d2b49648dad174255) Importer(815301076,1909f56bfc062723c751e8b465ee728b)
Start importing Assets/Challenge 2/Challenge 2.unity using Guid(f695fe0c51d8449d2b49648dad174255) Importer(815301076,1909f56bfc062723c751e8b465ee728b)  -> (artifact id: '2596fbbd71d09f69e737a5db7bdc0eed') in 0.006617 seconds
  Import took 0.008514 seconds .

========================================================================
Received Prepare
Registering precompiled user dll's ...
Registered in 0.005102 seconds.
Begin MonoManager ReloadAssembly
Native extension for WindowsStandalone target not found
Native extension for OSXStandalone target not found
Native extension for WebGL target not found
Refreshing native plugins compatible for Editor in 0.26 ms, found 0 plugins.
Preloading 0 native plugins for Editor in 0.00 ms.
Invoked RoslynAnalysisRunner static constructor.
RoslynAnalysisRunner will not be running.
RoslynAnalysisRunner has terminated.
Mono: successfully reloaded assembly
- Completed reload, in  1.038 seconds
Platform modules already initialized, skipping
Refreshing native plugins compatible for Editor in 0.26 ms, found 0 plugins.
Preloading 0 native plugins for Editor in 0.00 ms.
Unloading 1119 Unused Serialized files (Serialized files now loaded: 0)
System memory in use before: 73.5 MB.
System memory in use after: 73.6 MB.

Unloading 12 unused Assets to reduce memory usage. Loaded Objects now: 1587.
Total: 1.708300 ms (FindLiveObjects: 0.173100 ms CreateObjectMapping: 0.035300 ms MarkObjects: 1.424700 ms  DeleteObjects: 0.074300 ms)

========================================================================
Received Prepare
Registering precompiled user dll's ...
Registered in 0.009716 seconds.
Begin MonoManager ReloadAssembly
Native extension for WindowsStandalone target not found
Native extension for OSXStandalone target not found
Native extension for WebGL target not found
Refreshing native plugins compatible for Editor in 0.29 ms, found 0 plugins.
Preloading 0 native plugins for Editor in 0.00 ms.
Invoked RoslynAnalysisRunner static constructor.
RoslynAnalysisRunner will not be running.
RoslynAnalysisRunner has terminated.
Mono: successfully reloaded assembly
- Completed reload, in  0.957 seconds
Platform modules already initialized, skipping
Refreshing native plugins compatible for Editor in 0.30 ms, found 0 plugins.
Preloading 0 native plugins for Editor in 0.00 ms.
Unloading 1119 Unused Serialized files (Serialized files now loaded: 0)
System memory in use before: 73.9 MB.
System memory in use after: 73.9 MB.

Unloading 12 unused Assets to reduce memory usage. Loaded Objects now: 1589.
Total: 1.893900 ms (FindLiveObjects: 0.206500 ms CreateObjectMapping: 0.039100 ms MarkObjects: 1.508300 ms  DeleteObjects: 0.138300 ms)

========================================================================
Received Prepare
Registering precompiled user dll's ...
Registered in 0.008705 seconds.
Begin MonoManager ReloadAssembly
Native extension for WindowsStandalone target not found
Native extension for OSXStandalone target not found
Native extension for WebGL target not found
Refreshing native plugins compatible for Editor in 0.47 ms, found 0 plugins.
Preloading 0 native plugins for Editor in 0.00 ms.
Invoked RoslynAnalysisRunner static constructor.
RoslynAnalysisRunner will not be running.
RoslynAnalysisRunner has terminated.
Mono: successfully reloaded assembly
- Completed reload, in  1.063 seconds
Platform modules already initialized, skipping
Refreshing native plugins compatible for Editor in 0.35 ms, found 0 plugins.
Preloading 0 native plugins for Editor in 0.00 ms.
Unloading 1119 Unused Serialized files (Serialized files now loaded: 0)
System memory in use before: 74.0 MB.
System memory in use after: 74.1 MB.

Unloading 12 unused Assets to reduce memory usage. Loaded Objects now: 1591.
Total: 2.022900 ms (FindLiveObjects: 0.278800 ms CreateObjectMapping: 0.122800 ms MarkObjects: 1.524400 ms  DeleteObjects: 0.094900 ms)

========================================================================
Received Import Request.
  Time since last request: 700.437069 seconds.
  path: Assets/Challenge 2/Prefabs/Ball 1.prefab
  artifactKey: Guid(1d143480adadf43389395930eee2b5cf) Importer(815301076,1909f56bfc062723c751e8b465ee728b)
Start importing Assets/Challenge 2/Prefabs/Ball 1.prefab using Guid(1d143480adadf43389395930eee2b5cf) Importer(815301076,1909f56bfc062723c751e8b465ee728b)  -> (artifact id: '2baf9720bd6406a4657d328cef5a3383') in 0.073684 seconds
  Import took 0.076255 seconds .

========================================================================
Received Import Request.
  Time since last request: 0.000288 seconds.
  path: Assets/Challenge 2/Prefabs/Ball 3.prefab
  artifactKey: Guid(fc41e6839a5494e0cbaea5f0081c271d) Importer(815301076,1909f56bfc062723c751e8b465ee728b)
Start importing Assets/Challenge 2/Prefabs/Ball 3.prefab using Guid(fc41e6839a5494e0cbaea5f0081c271d) Importer(815301076,1909f56bfc062723c751e8b465ee728b)  -> (artifact id: '1b50c0c244ddaab2828df11ac4b7b1e6') in 0.014179 seconds
  Import took 0.016141 seconds .

========================================================================
Received Import Request.
  Time since last request: 0.000361 seconds.
  path: Assets/Challenge 2/Prefabs/Ball 2.prefab
  artifactKey: Guid(a325bcb65fd94414191d0ddc2514e2dc) Importer(815301076,1909f56bfc062723c751e8b465ee728b)
Start importing Assets/Challenge 2/Prefabs/Ball 2.prefab using Guid(a325bcb65fd94414191d0ddc2514e2dc) Importer(815301076,1909f56bfc062723c751e8b465ee728b)  -> (artifact id: 'ea9ef9407d0dfb066ae13a2ebf8ef3f6') in 0.012746 seconds
  Import took 0.014896 seconds .

========================================================================
Received Import Request.
  Time since last request: 2.025237 seconds.
  path: Assets/Challenge 2/Prefabs/Ball 3.prefab
  artifactKey: Guid(fc41e6839a5494e0cbaea5f0081c271d) Importer(815301076,1909f56bfc062723c751e8b465ee728b)
Start importing Assets/Challenge 2/Prefabs/Ball 3.prefab using Guid(fc41e6839a5494e0cbaea5f0081c271d) Importer(815301076,1909f56bfc062723c751e8b465ee728b)  -> (artifact id: '4f8c9d49e0f9b370cfed12aa64cdcd71') in 0.013359 seconds
  Import took 0.015947 seconds .

========================================================================
Received Import Request.
  Time since last request: 0.012715 seconds.
  path: Assets/Challenge 2/Prefabs/Ball 1.prefab
  artifactKey: Guid(1d143480adadf43389395930eee2b5cf) Importer(815301076,1909f56bfc062723c751e8b465ee728b)
Start importing Assets/Challenge 2/Prefabs/Ball 1.prefab using Guid(1d143480adadf43389395930eee2b5cf) Importer(815301076,1909f56bfc062723c751e8b465ee728b)  -> (artifact id: 'c0e55602b66196fe9f56e97317187de4') in 0.015834 seconds
  Import took 0.018105 seconds .

========================================================================
Received Import Request.
  Time since last request: 0.000331 seconds.
  path: Assets/Challenge 2/Prefabs/Ball 2.prefab
  artifactKey: Guid(a325bcb65fd94414191d0ddc2514e2dc) Importer(815301076,1909f56bfc062723c751e8b465ee728b)
Start importing Assets/Challenge 2/Prefabs/Ball 2.prefab using Guid(a325bcb65fd94414191d0ddc2514e2dc) Importer(815301076,1909f56bfc062723c751e8b465ee728b)  -> (artifact id: 'b3d9f0211b8e76b2bca99e3cf2cf57c0') in 0.012411 seconds
  Import took 0.014358 seconds .

========================================================================
Received Import Request.
  Time since last request: 9.794681 seconds.
  path: Assets/Challenge 2/Prefabs/Ball 3.prefab
  artifactKey: Guid(fc41e6839a5494e0cbaea5f0081c271d) Importer(815301076,1909f56bfc062723c751e8b465ee728b)
Start importing Assets/Challenge 2/Prefabs/Ball 3.prefab using Guid(fc41e6839a5494e0cbaea5f0081c271d) Importer(815301076,1909f56bfc062723c751e8b465ee728b)  -> (artifact id: 'e04b79fa47ffa980e9eacbe7bee9cb9a') in 0.013829 seconds
  Import took 0.016646 seconds .

========================================================================
Received Import Request.
  Time since last request: 2.523192 seconds.
  path: Assets/Challenge 2/Prefabs/Ball 2.prefab
  artifactKey: Guid(a325bcb65fd94414191d0ddc2514e2dc) Importer(815301076,1909f56bfc062723c751e8b465ee728b)
Start importing Assets/Challenge 2/Prefabs/Ball 2.prefab using Guid(a325bcb65fd94414191d0ddc2514e2dc) Importer(815301076,1909f56bfc062723c751e8b465ee728b)  -> (artifact id: '4f72d2d4f1ba52aa72bfc595226b5a19') in 0.018017 seconds
  Import took 0.020304 seconds .

========================================================================
Received Import Request.
  Time since last request: 0.000209 seconds.
  path: Assets/Challenge 2/Prefabs/Ball 3.prefab
  artifactKey: Guid(fc41e6839a5494e0cbaea5f0081c271d) Importer(815301076,1909f56bfc062723c751e8b465ee728b)
Start importing Assets/Challenge 2/Prefabs/Ball 3.prefab using Guid(fc41e6839a5494e0cbaea5f0081c271d) Importer(815301076,1909f56bfc062723c751e8b465ee728b)  -> (artifact id: 'c36088e832ea60d07a94b8e6017f06f0') in 0.014852 seconds
  Import took 0.017324 seconds .

========================================================================
Received Import Request.
  Time since last request: 170.391363 seconds.
  path: Assets/Challenge 2/Prefabs/Dog.prefab
  artifactKey: Guid(3e5fe95e580114a5f8f8348678e77463) Importer(815301076,1909f56bfc062723c751e8b465ee728b)
Start importing Assets/Challenge 2/Prefabs/Dog.prefab using Guid(3e5fe95e580114a5f8f8348678e77463) Importer(815301076,1909f56bfc062723c751e8b465ee728b)  -> (artifact id: '868b65a72fc240faf4fa3a70b45949e7') in 0.060014 seconds
  Import took 0.063433 seconds .

========================================================================
Received Prepare
Registering precompiled user dll's ...
Registered in 0.004769 seconds.
Begin MonoManager ReloadAssembly
Native extension for WindowsStandalone target not found
Native extension for OSXStandalone target not found
Native extension for WebGL target not found
Refreshing native plugins compatible for Editor in 0.40 ms, found 0 plugins.
Preloading 0 native plugins for Editor in 0.00 ms.
Invoked RoslynAnalysisRunner static constructor.
RoslynAnalysisRunner will not be running.
RoslynAnalysisRunner has terminated.
Mono: successfully reloaded assembly
- Completed reload, in  0.956 seconds
Platform modules already initialized, skipping
Refreshing native plugins compatible for Editor in 0.26 ms, found 0 plugins.
Preloading 0 native plugins for Editor in 0.00 ms.
Unloading 1119 Unused Serialized files (Serialized files now loaded: 0)
System memory in use before: 73.6 MB.
System memory in use after: 73.7 MB.

Unloading 12 unused Assets to reduce memory usage. Loaded Objects now: 1594.
Total: 1.727500 ms (FindLiveObjects: 0.129400 ms CreateObjectMapping: 0.030700 ms MarkObjects: 1.481900 ms  DeleteObjects: 0.084600 ms)

========================================================================
Received Prepare
Registering precompiled user dll's ...
Registered in 0.004189 seconds.
Begin MonoManager ReloadAssembly
Native extension for WindowsStandalone target not found
Native extension for OSXStandalone target not found
Native extension for WebGL target not found
Refreshing native plugins compatible for Editor in 0.26 ms, found 0 plugins.
Preloading 0 native plugins for Editor in 0.00 ms.
Invoked RoslynAnalysisRunner static constructor.
RoslynAnalysisRunner will not be running.
RoslynAnalysisRunner has terminated.
Mono: successfully reloaded assembly
- Completed reload, in  0.922 seconds
Platform modules already initialized, skipping
Refreshing native plugins compatible for Editor in 0.26 ms, found 0 plugins.
Preloading 0 native plugins for Editor in 0.00 ms.
Unloading 1119 Unused Serialized files (Serialized files now loaded: 0)
System memory in use before: 74.0 MB.
System memory in use after: 74.1 MB.

Unloading 12 unused Assets to reduce memory usage. Loaded Objects now: 1596.
Total: 1.633800 ms (FindLiveObjects: 0.220100 ms CreateObjectMapping: 0.051300 ms MarkObjects: 1.300900 ms  DeleteObjects: 0.060500 ms)

========================================================================
Received Prepare
Registering precompiled user dll's ...
Registered in 0.004023 seconds.
Begin MonoManager ReloadAssembly
Native extension for WindowsStandalone target not found
Native extension for OSXStandalone target not found
Native extension for WebGL target not found
Refreshing native plugins compatible for Editor in 0.35 ms, found 0 plugins.
Preloading 0 native plugins for Editor in 0.00 ms.
Invoked RoslynAnalysisRunner static constructor.
RoslynAnalysisRunner will not be running.
RoslynAnalysisRunner has terminated.
Mono: successfully reloaded assembly
- Completed reload, in  0.940 seconds
Platform modules already initialized, skipping
Refreshing native plugins compatible for Editor in 0.26 ms, found 0 plugins.
Preloading 0 native plugins for Editor in 0.00 ms.
Unloading 1119 Unused Serialized files (Serialized files now loaded: 0)
System memory in use before: 74.1 MB.
System memory in use after: 74.2 MB.

Unloading 12 unused Assets to reduce memory usage. Loaded Objects now: 1598.
Total: 1.737500 ms (FindLiveObjects: 0.179600 ms CreateObjectMapping: 0.075100 ms MarkObjects: 1.413400 ms  DeleteObjects: 0.068400 ms)

========================================================================
Received Prepare
Registering precompiled user dll's ...
Registered in 0.005440 seconds.
Begin MonoManager ReloadAssembly
Native extension for WindowsStandalone target not found
Native extension for OSXStandalone target not found
Native extension for WebGL target not found
Refreshing native plugins compatible for Editor in 0.29 ms, found 0 plugins.
Preloading 0 native plugins for Editor in 0.00 ms.
Invoked RoslynAnalysisRunner static constructor.
RoslynAnalysisRunner will not be running.
RoslynAnalysisRunner has terminated.
Mono: successfully reloaded assembly
- Completed reload, in  0.938 seconds
Platform modules already initialized, skipping
Refreshing native plugins compatible for Editor in 0.28 ms, found 0 plugins.
Preloading 0 native plugins for Editor in 0.00 ms.
Unloading 1119 Unused Serialized files (Serialized files now loaded: 0)
System memory in use before: 73.7 MB.
System memory in use after: 73.8 MB.

Unloading 12 unused Assets to reduce memory usage. Loaded Objects now: 1600.
Total: 2.040800 ms (FindLiveObjects: 0.260900 ms CreateObjectMapping: 0.037000 ms MarkObjects: 1.683400 ms  DeleteObjects: 0.058200 ms)

========================================================================
Received Import Request.
  Time since last request: 880.993541 seconds.
  path: Assets/Challenge 2/Prefabs/Ball 1.prefab
  artifactKey: Guid(1d143480adadf43389395930eee2b5cf) Importer(815301076,1909f56bfc062723c751e8b465ee728b)
Start importing Assets/Challenge 2/Prefabs/Ball 1.prefab using Guid(1d143480adadf43389395930eee2b5cf) Importer(815301076,1909f56bfc062723c751e8b465ee728b)  -> (artifact id: 'b1ce1667a75c69dac1c7b8a4fa413047') in 0.064081 seconds
  Import took 0.066849 seconds .

========================================================================
Received Import Request.
  Time since last request: 0.000342 seconds.
  path: Assets/Challenge 2/Prefabs/Ball 3.prefab
  artifactKey: Guid(fc41e6839a5494e0cbaea5f0081c271d) Importer(815301076,1909f56bfc062723c751e8b465ee728b)
Start importing Assets/Challenge 2/Prefabs/Ball 3.prefab using Guid(fc41e6839a5494e0cbaea5f0081c271d) Importer(815301076,1909f56bfc062723c751e8b465ee728b)  -> (artifact id: '5064a787972028f75c0b956235bbab4e') in 0.012993 seconds
  Import took 0.015810 seconds .

========================================================================
Received Import Request.
  Time since last request: 0.000274 seconds.
  path: Assets/Challenge 2/Prefabs/Ball 2.prefab
  artifactKey: Guid(a325bcb65fd94414191d0ddc2514e2dc) Importer(815301076,1909f56bfc062723c751e8b465ee728b)
Start importing Assets/Challenge 2/Prefabs/Ball 2.prefab using Guid(a325bcb65fd94414191d0ddc2514e2dc) Importer(815301076,1909f56bfc062723c751e8b465ee728b)  -> (artifact id: '95391c07c234cbcaf258a11ac1727ef6') in 0.014107 seconds
  Import took 0.016514 seconds .

========================================================================
Received Prepare
Registering precompiled user dll's ...
Registered in 0.004290 seconds.
Begin MonoManager ReloadAssembly
Native extension for WindowsStandalone target not found
Native extension for OSXStandalone target not found
Native extension for WebGL target not found
Refreshing native plugins compatible for Editor in 0.33 ms, found 0 plugins.
Preloading 0 native plugins for Editor in 0.00 ms.
Invoked RoslynAnalysisRunner static constructor.
RoslynAnalysisRunner will not be running.
RoslynAnalysisRunner has terminated.
Mono: successfully reloaded assembly
- Completed reload, in  0.965 seconds
Platform modules already initialized, skipping
Refreshing native plugins compatible for Editor in 0.29 ms, found 0 plugins.
Preloading 0 native plugins for Editor in 0.00 ms.
Unloading 1119 Unused Serialized files (Serialized files now loaded: 0)
System memory in use before: 74.1 MB.
System memory in use after: 74.1 MB.

Unloading 12 unused Assets to reduce memory usage. Loaded Objects now: 1603.
Total: 1.765100 ms (FindLiveObjects: 0.148900 ms CreateObjectMapping: 0.036700 ms MarkObjects: 1.462000 ms  DeleteObjects: 0.116600 ms)

========================================================================
Received Prepare
Registering precompiled user dll's ...
Registered in 0.007221 seconds.
Begin MonoManager ReloadAssembly
Native extension for WindowsStandalone target not found
Native extension for OSXStandalone target not found
Native extension for WebGL target not found
Refreshing native plugins compatible for Editor in 0.38 ms, found 0 plugins.
Preloading 0 native plugins for Editor in 0.00 ms.
Invoked RoslynAnalysisRunner static constructor.
RoslynAnalysisRunner will not be running.
RoslynAnalysisRunner has terminated.
Mono: successfully reloaded assembly
- Completed reload, in  0.967 seconds
Platform modules already initialized, skipping
Refreshing native plugins compatible for Editor in 0.28 ms, found 0 plugins.
Preloading 0 native plugins for Editor in 0.00 ms.
Unloading 1119 Unused Serialized files (Serialized files now loaded: 0)
System memory in use before: 74.1 MB.
System memory in use after: 74.2 MB.

Unloading 12 unused Assets to reduce memory usage. Loaded Objects now: 1605.
Total: 1.849200 ms (FindLiveObjects: 0.224700 ms CreateObjectMapping: 0.068500 ms MarkObjects: 1.457000 ms  DeleteObjects: 0.097400 ms)

========================================================================
Received Prepare
Registering precompiled user dll's ...
Registered in 0.003939 seconds.
Begin MonoManager ReloadAssembly
Native extension for WindowsStandalone target not found
Native extension for OSXStandalone target not found
Native extension for WebGL target not found
Refreshing native plugins compatible for Editor in 0.43 ms, found 0 plugins.
Preloading 0 native plugins for Editor in 0.00 ms.
Invoked RoslynAnalysisRunner static constructor.
RoslynAnalysisRunner will not be running.
RoslynAnalysisRunner has terminated.
Mono: successfully reloaded assembly
- Completed reload, in  0.917 seconds
Platform modules already initialized, skipping
Refreshing native plugins compatible for Editor in 0.28 ms, found 0 plugins.
Preloading 0 native plugins for Editor in 0.00 ms.
Unloading 1119 Unused Serialized files (Serialized files now loaded: 0)
System memory in use before: 73.8 MB.
System memory in use after: 73.8 MB.

Unloading 12 unused Assets to reduce memory usage. Loaded Objects now: 1607.
Total: 1.769600 ms (FindLiveObjects: 0.156900 ms CreateObjectMapping: 0.033400 ms MarkObjects: 1.513100 ms  DeleteObjects: 0.065400 ms)

========================================================================
Received Prepare
Registering precompiled user dll's ...
Registered in 0.005147 seconds.
Begin MonoManager ReloadAssembly
Native extension for WindowsStandalone target not found
Native extension for OSXStandalone target not found
Native extension for WebGL target not found
Refreshing native plugins compatible for Editor in 0.28 ms, found 0 plugins.
Preloading 0 native plugins for Editor in 0.00 ms.
Invoked RoslynAnalysisRunner static constructor.
RoslynAnalysisRunner will not be running.
RoslynAnalysisRunner has terminated.
Mono: successfully reloaded assembly
- Completed reload, in  0.938 seconds
Platform modules already initialized, skipping
Refreshing native plugins compatible for Editor in 0.47 ms, found 0 plugins.
Preloading 0 native plugins for Editor in 0.00 ms.
Unloading 1119 Unused Serialized files (Serialized files now loaded: 0)
System memory in use before: 74.1 MB.
System memory in use after: 74.2 MB.

Unloading 12 unused Assets to reduce memory usage. Loaded Objects now: 1609.
Total: 2.067400 ms (FindLiveObjects: 0.169200 ms CreateObjectMapping: 0.040600 ms MarkObjects: 1.774600 ms  DeleteObjects: 0.080700 ms)

========================================================================
Received Prepare
Registering precompiled user dll's ...
Registered in 0.003956 seconds.
Begin MonoManager ReloadAssembly
Native extension for WindowsStandalone target not found
Native extension for OSXStandalone target not found
Native extension for WebGL target not found
Refreshing native plugins compatible for Editor in 0.27 ms, found 0 plugins.
Preloading 0 native plugins for Editor in 0.00 ms.
Invoked RoslynAnalysisRunner static constructor.
RoslynAnalysisRunner will not be running.
RoslynAnalysisRunner has terminated.
Mono: successfully reloaded assembly
- Completed reload, in  0.902 seconds
Platform modules already initialized, skipping
Refreshing native plugins compatible for Editor in 0.30 ms, found 0 plugins.
Preloading 0 native plugins for Editor in 0.00 ms.
Unloading 1119 Unused Serialized files (Serialized files now loaded: 0)
System memory in use before: 74.1 MB.
System memory in use after: 74.2 MB.

Unloading 12 unused Assets to reduce memory usage. Loaded Objects now: 1611.
Total: 1.903200 ms (FindLiveObjects: 0.221400 ms CreateObjectMapping: 0.049300 ms MarkObjects: 1.565900 ms  DeleteObjects: 0.065600 ms)

========================================================================
Received Import Request.
  Time since last request: 428.030961 seconds.
  path: Assets/Challenge 2/Challenge 2/LightingData.asset
  artifactKey: Guid(6f7aeac312f9c8e428aaa3a4fbd65e56) Importer(815301076,1909f56bfc062723c751e8b465ee728b)
Start importing Assets/Challenge 2/Challenge 2/LightingData.asset using Guid(6f7aeac312f9c8e428aaa3a4fbd65e56) Importer(815301076,1909f56bfc062723c751e8b465ee728b)  -> (artifact id: '0c59e839a9cfade91e493fe9b80dc368') in 0.015657 seconds
  Import took 0.017758 seconds .

========================================================================
Received Import Request.
  Time since last request: 0.000290 seconds.
  path: Assets/Challenge 2/Challenge 2/ReflectionProbe-0.exr
  artifactKey: Guid(6f6b653b8538fa944ab04b9c058cba2d) Importer(815301076,1909f56bfc062723c751e8b465ee728b)
Start importing Assets/Challenge 2/Challenge 2/ReflectionProbe-0.exr using Guid(6f6b653b8538fa944ab04b9c058cba2d) Importer(815301076,1909f56bfc062723c751e8b465ee728b)  -> (artifact id: '0e07b8ab24f17dfd811dc5d3ff5f233d') in 0.076797 seconds
  Import took 0.078721 seconds .

========================================================================
Received Prepare
Registering precompiled user dll's ...
Registered in 0.004718 seconds.
Begin MonoManager ReloadAssembly
Native extension for WindowsStandalone target not found
Native extension for OSXStandalone target not found
Native extension for WebGL target not found
Refreshing native plugins compatible for Editor in 0.57 ms, found 0 plugins.
Preloading 0 native plugins for Editor in 0.00 ms.
Invoked RoslynAnalysisRunner static constructor.
RoslynAnalysisRunner will not be running.
RoslynAnalysisRunner has terminated.
Mono: successfully reloaded assembly
- Completed reload, in  0.931 seconds
Platform modules already initialized, skipping
Refreshing native plugins compatible for Editor in 0.26 ms, found 0 plugins.
Preloading 0 native plugins for Editor in 0.00 ms.
Unloading 1119 Unused Serialized files (Serialized files now loaded: 0)
System memory in use before: 74.1 MB.
System memory in use after: 74.2 MB.

Unloading 12 unused Assets to reduce memory usage. Loaded Objects now: 1639.
Total: 1.876800 ms (FindLiveObjects: 0.130700 ms CreateObjectMapping: 0.030100 ms MarkObjects: 1.622600 ms  DeleteObjects: 0.092800 ms)

========================================================================
Received Prepare
Registering precompiled user dll's ...
Registered in 0.003902 seconds.
Begin MonoManager ReloadAssembly
Native extension for WindowsStandalone target not found
Native extension for OSXStandalone target not found
Native extension for WebGL target not found
Refreshing native plugins compatible for Editor in 0.30 ms, found 0 plugins.
Preloading 0 native plugins for Editor in 0.00 ms.
Invoked RoslynAnalysisRunner static constructor.
RoslynAnalysisRunner will not be running.
RoslynAnalysisRunner has terminated.
Mono: successfully reloaded assembly
- Completed reload, in  0.905 seconds
Platform modules already initialized, skipping
Refreshing native plugins compatible for Editor in 0.27 ms, found 0 plugins.
Preloading 0 native plugins for Editor in 0.00 ms.
Unloading 1119 Unused Serialized files (Serialized files now loaded: 0)
System memory in use before: 74.4 MB.
System memory in use after: 74.5 MB.

Unloading 12 unused Assets to reduce memory usage. Loaded Objects now: 1641.
Total: 1.905000 ms (FindLiveObjects: 0.140500 ms CreateObjectMapping: 0.030600 ms MarkObjects: 1.653400 ms  DeleteObjects: 0.079700 ms)

========================================================================
Received Prepare
Registering precompiled user dll's ...
Registered in 0.004665 seconds.
Begin MonoManager ReloadAssembly
Native extension for WindowsStandalone target not found
Native extension for OSXStandalone target not found
Native extension for WebGL target not found
Refreshing native plugins compatible for Editor in 0.26 ms, found 0 plugins.
Preloading 0 native plugins for Editor in 0.00 ms.
Invoked RoslynAnalysisRunner static constructor.
RoslynAnalysisRunner will not be running.
RoslynAnalysisRunner has terminated.
Mono: successfully reloaded assembly
- Completed reload, in  0.931 seconds
Platform modules already initialized, skipping
Refreshing native plugins compatible for Editor in 0.30 ms, found 0 plugins.
Preloading 0 native plugins for Editor in 0.00 ms.
Unloading 1119 Unused Serialized files (Serialized files now loaded: 0)
System memory in use before: 73.8 MB.
System memory in use after: 73.9 MB.

Unloading 12 unused Assets to reduce memory usage. Loaded Objects now: 1643.
Total: 2.025500 ms (FindLiveObjects: 0.219500 ms CreateObjectMapping: 0.051400 ms MarkObjects: 1.664900 ms  DeleteObjects: 0.088700 ms)

========================================================================
Received Prepare
Registering precompiled user dll's ...
Registered in 0.005337 seconds.
Begin MonoManager ReloadAssembly
Native extension for WindowsStandalone target not found
Native extension for OSXStandalone target not found
Native extension for WebGL target not found
Refreshing native plugins compatible for Editor in 0.27 ms, found 0 plugins.
Preloading 0 native plugins for Editor in 0.00 ms.
Invoked RoslynAnalysisRunner static constructor.
RoslynAnalysisRunner will not be running.
RoslynAnalysisRunner has terminated.
Mono: successfully reloaded assembly
- Completed reload, in  0.932 seconds
Platform modules already initialized, skipping
Refreshing native plugins compatible for Editor in 0.26 ms, found 0 plugins.
Preloading 0 native plugins for Editor in 0.00 ms.
Unloading 1119 Unused Serialized files (Serialized files now loaded: 0)
System memory in use before: 74.2 MB.
System memory in use after: 74.2 MB.

Unloading 12 unused Assets to reduce memory usage. Loaded Objects now: 1645.
Total: 1.748300 ms (FindLiveObjects: 0.178500 ms CreateObjectMapping: 0.047900 ms MarkObjects: 1.463600 ms  DeleteObjects: 0.056800 ms)

========================================================================
Received Prepare
Registering precompiled user dll's ...
Registered in 0.004502 seconds.
Begin MonoManager ReloadAssembly
Native extension for WindowsStandalone target not found
Native extension for OSXStandalone target not found
Native extension for WebGL target not found
Refreshing native plugins compatible for Editor in 0.51 ms, found 0 plugins.
Preloading 0 native plugins for Editor in 0.00 ms.
Invoked RoslynAnalysisRunner static constructor.
RoslynAnalysisRunner will not be running.
RoslynAnalysisRunner has terminated.
Mono: successfully reloaded assembly
- Completed reload, in  1.086 seconds
Platform modules already initialized, skipping
Refreshing native plugins compatible for Editor in 0.26 ms, found 0 plugins.
Preloading 0 native plugins for Editor in 0.00 ms.
Unloading 1119 Unused Serialized files (Serialized files now loaded: 0)
System memory in use before: 74.4 MB.
System memory in use after: 74.5 MB.

Unloading 12 unused Assets to reduce memory usage. Loaded Objects now: 1647.
Total: 2.303700 ms (FindLiveObjects: 0.311100 ms CreateObjectMapping: 0.037500 ms MarkObjects: 1.898000 ms  DeleteObjects: 0.056200 ms)

========================================================================
Received Prepare
Registering precompiled user dll's ...
Registered in 0.005140 seconds.
Begin MonoManager ReloadAssembly
Native extension for WindowsStandalone target not found
Native extension for OSXStandalone target not found
Native extension for WebGL target not found
Refreshing native plugins compatible for Editor in 0.34 ms, found 0 plugins.
Preloading 0 native plugins for Editor in 0.00 ms.
Invoked RoslynAnalysisRunner static constructor.
RoslynAnalysisRunner will not be running.
RoslynAnalysisRunner has terminated.
Mono: successfully reloaded assembly
- Completed reload, in  1.021 seconds
Platform modules already initialized, skipping
Refreshing native plugins compatible for Editor in 0.53 ms, found 0 plugins.
Preloading 0 native plugins for Editor in 0.00 ms.
Unloading 1119 Unused Serialized files (Serialized files now loaded: 0)
System memory in use before: 73.9 MB.
System memory in use after: 74.0 MB.

Unloading 12 unused Assets to reduce memory usage. Loaded Objects now: 1649.
Total: 1.975400 ms (FindLiveObjects: 0.191800 ms CreateObjectMapping: 0.053500 ms MarkObjects: 1.610000 ms  DeleteObjects: 0.119300 ms)

========================================================================
Received Prepare
Registering precompiled user dll's ...
Registered in 0.004046 seconds.
Begin MonoManager ReloadAssembly
Native extension for WindowsStandalone target not found
Native extension for OSXStandalone target not found
Native extension for WebGL target not found
Refreshing native plugins compatible for Editor in 0.25 ms, found 0 plugins.
Preloading 0 native plugins for Editor in 0.00 ms.
Invoked RoslynAnalysisRunner static constructor.
RoslynAnalysisRunner will not be running.
RoslynAnalysisRunner has terminated.
Mono: successfully reloaded assembly
- Completed reload, in  0.935 seconds
Platform modules already initialized, skipping
Refreshing native plugins compatible for Editor in 0.43 ms, found 0 plugins.
Preloading 0 native plugins for Editor in 0.00 ms.
Unloading 1119 Unused Serialized files (Serialized files now loaded: 0)
System memory in use before: 74.2 MB.
System memory in use after: 74.3 MB.

Unloading 12 unused Assets to reduce memory usage. Loaded Objects now: 1651.
Total: 1.751400 ms (FindLiveObjects: 0.168800 ms CreateObjectMapping: 0.033600 ms MarkObjects: 1.454200 ms  DeleteObjects: 0.093900 ms)

========================================================================
Received Import Request.
  Time since last request: 987.624880 seconds.
  path: Assets/Challenge 2/Prefabs/Dog.prefab
  artifactKey: Guid(3e5fe95e580114a5f8f8348678e77463) Importer(815301076,1909f56bfc062723c751e8b465ee728b)
Start importing Assets/Challenge 2/Prefabs/Dog.prefab using Guid(3e5fe95e580114a5f8f8348678e77463) Importer(815301076,1909f56bfc062723c751e8b465ee728b)  -> (artifact id: '90baf3601e54350a985b46454852471e') in 0.117882 seconds
  Import took 0.122102 seconds .

========================================================================
Received Prepare
Registering precompiled user dll's ...
Registered in 0.008803 seconds.
Begin MonoManager ReloadAssembly
Native extension for WindowsStandalone target not found
Native extension for OSXStandalone target not found
Native extension for WebGL target not found
Refreshing native plugins compatible for Editor in 0.47 ms, found 0 plugins.
Preloading 0 native plugins for Editor in 0.00 ms.
Invoked RoslynAnalysisRunner static constructor.
RoslynAnalysisRunner will not be running.
RoslynAnalysisRunner has terminated.
Mono: successfully reloaded assembly
- Completed reload, in  1.423 seconds
Platform modules already initialized, skipping
Refreshing native plugins compatible for Editor in 0.39 ms, found 0 plugins.
Preloading 0 native plugins for Editor in 0.00 ms.
Unloading 1119 Unused Serialized files (Serialized files now loaded: 0)
System memory in use before: 74.4 MB.
System memory in use after: 74.5 MB.

Unloading 12 unused Assets to reduce memory usage. Loaded Objects now: 1654.
Total: 2.755800 ms (FindLiveObjects: 0.278100 ms CreateObjectMapping: 0.075100 ms MarkObjects: 2.321200 ms  DeleteObjects: 0.078200 ms)

========================================================================
Received Import Request.
  Time since last request: 2347.175927 seconds.
  path: Assets/Scenes
  artifactKey: Guid(e0d58c373c5df614e9a8412f4e17a7ea) Importer(815301076,1909f56bfc062723c751e8b465ee728b)
Start importing Assets/Scenes using Guid(e0d58c373c5df614e9a8412f4e17a7ea) Importer(815301076,1909f56bfc062723c751e8b465ee728b)  -> (artifact id: '6fd82f52b712286746c4a8364fa49b18') in 0.008259 seconds
  Import took 0.010866 seconds .

========================================================================
Received Import Request.
  Time since last request: 0.006686 seconds.
  path: Assets/Scenes
  artifactKey: Guid(e0d58c373c5df614e9a8412f4e17a7ea) Importer(815301076,1909f56bfc062723c751e8b465ee728b)
Start importing Assets/Scenes using Guid(e0d58c373c5df614e9a8412f4e17a7ea) Importer(815301076,1909f56bfc062723c751e8b465ee728b)  -> (artifact id: '6fd82f52b712286746c4a8364fa49b18') in 0.005732 seconds
  Import took 0.007933 seconds .

========================================================================
Received Import Request.
  Time since last request: 17.542934 seconds.
  path: Assets/Scenes/Prototyping.unity
  artifactKey: Guid(c80ed014ef80d8f4cb9af5309c13f47c) Importer(815301076,1909f56bfc062723c751e8b465ee728b)
Start importing Assets/Scenes/Prototyping.unity using Guid(c80ed014ef80d8f4cb9af5309c13f47c) Importer(815301076,1909f56bfc062723c751e8b465ee728b)  -> (artifact id: '9407e81aac896e7690fa247083c112a2') in 0.013560 seconds
  Import took 0.016618 seconds .

========================================================================
Received Import Request.
  Time since last request: 241.558131 seconds.
  path: Assets/Materials
  artifactKey: Guid(953ea2e1b85f18f4eba62e141bb9b541) Importer(815301076,1909f56bfc062723c751e8b465ee728b)
Start importing Assets/Materials using Guid(953ea2e1b85f18f4eba62e141bb9b541) Importer(815301076,1909f56bfc062723c751e8b465ee728b)  -> (artifact id: 'c03990121ece13275cb75df3b0280469') in 0.006189 seconds
  Import took 0.008476 seconds .

========================================================================
Received Import Request.
  Time since last request: 12.026701 seconds.
  path: Assets/Materials/Blue.mat
  artifactKey: Guid(61dec2def6ad140469301ecee1176359) Importer(815301076,1909f56bfc062723c751e8b465ee728b)
Start importing Assets/Materials/Blue.mat using Guid(61dec2def6ad140469301ecee1176359) Importer(815301076,1909f56bfc062723c751e8b465ee728b)  -> (artifact id: '806461f943422be8e36c046409e44aae') in 0.085126 seconds
  Import took 0.087378 seconds .

========================================================================
Received Prepare
Registering precompiled user dll's ...
Registered in 0.004594 seconds.
Begin MonoManager ReloadAssembly
Native extension for WindowsStandalone target not found
Native extension for OSXStandalone target not found
Native extension for WebGL target not found
Refreshing native plugins compatible for Editor in 0.48 ms, found 0 plugins.
Preloading 0 native plugins for Editor in 0.00 ms.
Invoked RoslynAnalysisRunner static constructor.
RoslynAnalysisRunner will not be running.
RoslynAnalysisRunner has terminated.
Mono: successfully reloaded assembly
- Completed reload, in  0.998 seconds
Platform modules already initialized, skipping
Refreshing native plugins compatible for Editor in 0.33 ms, found 0 plugins.
Preloading 0 native plugins for Editor in 0.00 ms.
Unloading 1119 Unused Serialized files (Serialized files now loaded: 0)
System memory in use before: 74.0 MB.
System memory in use after: 74.1 MB.

Unloading 12 unused Assets to reduce memory usage. Loaded Objects now: 1667.
Total: 2.676600 ms (FindLiveObjects: 0.422400 ms CreateObjectMapping: 0.091600 ms MarkObjects: 2.094900 ms  DeleteObjects: 0.066100 ms)

========================================================================
Received Import Request.
  Time since last request: 152.926018 seconds.
  path: Assets/Materials/Brown.mat
  artifactKey: Guid(e14af29b09c402e4983907b77849ad9f) Importer(815301076,1909f56bfc062723c751e8b465ee728b)
Start importing Assets/Materials/Brown.mat using Guid(e14af29b09c402e4983907b77849ad9f) Importer(815301076,1909f56bfc062723c751e8b465ee728b)  -> (artifact id: '2e5e8b97eb4d8ea47b54943bef4c3959') in 0.072709 seconds
  Import took 0.075573 seconds .

AssetImportWorkerClient::OnTransportError - code=2 error=End of file
